<?xml version="1.0" encoding="UTF-8"?>
<robot generator="Robot 6.0.1 (Python 3.11.1 on win32)" generated="20230106 14:54:27.067" rpa="false" schemaversion="3">
<suite id="s1" name="UI Test &amp; Test">
<suite id="s1-s1" name="UI Test" source="C:\UI-Automation-Robot-framework\Test\UI_Test.robot">
<test id="s1-s1-t1" name="Validate UnSuccesful Login" line="21">
<kw name="open the browser with the url" library="Generic" type="SETUP">
<kw name="Create Webdriver" library="SeleniumLibrary">
<arg>${browser_name}</arg>
<arg>executable_path=resources/${browser_name}</arg>
<doc>Creates an instance of Selenium WebDriver.</doc>
<msg timestamp="20230106 14:54:27.276" level="INFO">Creating an instance of the Chrome WebDriver.</msg>
<status status="PASS" starttime="20230106 14:54:27.276" endtime="20230106 14:54:28.446"/>
</kw>
<kw name="Go To" library="SeleniumLibrary">
<arg>${url}</arg>
<doc>Navigates the current browser window to the provided ``url``.</doc>
<msg timestamp="20230106 14:54:28.446" level="INFO">Opening url 'https://rahulshettyacademy.com/loginpagePractise/'</msg>
<status status="PASS" starttime="20230106 14:54:28.446" endtime="20230106 14:54:29.004"/>
</kw>
<status status="PASS" starttime="20230106 14:54:27.276" endtime="20230106 14:54:29.004"/>
</kw>
<kw name="Fill the login Form" library="LandingPage">
<arg>${user_name}</arg>
<arg>${invalid_password}</arg>
<kw name="Input Text" library="SeleniumLibrary">
<arg>id:username</arg>
<arg>${username}</arg>
<doc>Types the given ``text`` into the text field identified by ``locator``.</doc>
<msg timestamp="20230106 14:54:29.006" level="INFO">Typing text 'rahulshettyacademy' into text field 'id:username'.</msg>
<status status="PASS" starttime="20230106 14:54:29.005" endtime="20230106 14:54:29.147"/>
</kw>
<kw name="Input Password" library="SeleniumLibrary">
<arg>id:password</arg>
<arg>${password}</arg>
<doc>Types the given password into the text field identified by ``locator``.</doc>
<msg timestamp="20230106 14:54:29.148" level="INFO">Typing password into text field 'id:password'.</msg>
<msg timestamp="20230106 14:54:29.195" level="INFO">Temporally setting log level to: NONE</msg>
<msg timestamp="20230106 14:54:29.237" level="INFO">Log level changed from NONE to INFO.</msg>
<status status="PASS" starttime="20230106 14:54:29.148" endtime="20230106 14:54:29.237"/>
</kw>
<kw name="Click Button" library="SeleniumLibrary">
<arg>signInBtn</arg>
<doc>Clicks the button identified by ``locator``.</doc>
<msg timestamp="20230106 14:54:29.238" level="INFO">Clicking button 'signInBtn'.</msg>
<status status="PASS" starttime="20230106 14:54:29.238" endtime="20230106 14:54:29.283"/>
</kw>
<status status="PASS" starttime="20230106 14:54:29.005" endtime="20230106 14:54:29.283"/>
</kw>
<kw name="wait until Element is located in the page" library="LandingPage">
<kw name="Wait Until element passed is located on Page" library="Generic">
<arg>${Error_Message_Login}</arg>
<kw name="Wait Until Element Is Visible" library="SeleniumLibrary">
<arg>${page_locator}</arg>
<arg>timeout=10</arg>
<doc>Waits until the element ``locator`` is visible.</doc>
<status status="PASS" starttime="20230106 14:54:29.284" endtime="20230106 14:54:31.476"/>
</kw>
<status status="PASS" starttime="20230106 14:54:29.284" endtime="20230106 14:54:31.476"/>
</kw>
<status status="PASS" starttime="20230106 14:54:29.284" endtime="20230106 14:54:31.476"/>
</kw>
<kw name="verify error message is correct" library="LandingPage">
<kw name="Get Text" library="SeleniumLibrary">
<var>${result}</var>
<arg>${Error_Message_Login}</arg>
<doc>Returns the text value of the element identified by ``locator``.</doc>
<msg timestamp="20230106 14:54:31.497" level="INFO">${result} = Incorrect username/password.</msg>
<status status="PASS" starttime="20230106 14:54:31.477" endtime="20230106 14:54:31.497"/>
</kw>
<kw name="Should Be Equal As Strings" library="BuiltIn">
<arg>${result}</arg>
<arg>Incorrect username/password.</arg>
<doc>Fails if objects are unequal after converting them to strings.</doc>
<status status="PASS" starttime="20230106 14:54:31.497" endtime="20230106 14:54:31.497"/>
</kw>
<kw name="Element Text Should Be" library="SeleniumLibrary">
<arg>${Error_Message_Login}</arg>
<arg>Incorrect username/password.</arg>
<doc>Verifies that element ``locator`` contains exact the text ``expected``.</doc>
<msg timestamp="20230106 14:54:31.498" level="INFO">Verifying element 'css:.alert-danger' contains exact text 'Incorrect username/password.'.</msg>
<status status="PASS" starttime="20230106 14:54:31.497" endtime="20230106 14:54:31.512"/>
</kw>
<status status="PASS" starttime="20230106 14:54:31.477" endtime="20230106 14:54:31.512"/>
</kw>
<kw name="Close Browser session" library="Generic" type="TEARDOWN">
<kw name="Close Browser" library="SeleniumLibrary">
<doc>Closes the current browser.</doc>
<status status="PASS" starttime="20230106 14:54:31.513" endtime="20230106 14:54:34.091"/>
</kw>
<status status="PASS" starttime="20230106 14:54:31.513" endtime="20230106 14:54:34.092"/>
</kw>
<tag>REGRESSION</tag>
<tag>SMOKE</tag>
<status status="PASS" starttime="20230106 14:54:27.275" endtime="20230106 14:54:34.093"/>
</test>
<test id="s1-s1-t2" name="Veify the end to end ecommerce Product purchase process" line="29">
<kw name="open the browser with the url" library="Generic" type="SETUP">
<kw name="Create Webdriver" library="SeleniumLibrary">
<arg>${browser_name}</arg>
<arg>executable_path=resources/${browser_name}</arg>
<doc>Creates an instance of Selenium WebDriver.</doc>
<msg timestamp="20230106 14:54:34.098" level="INFO">Creating an instance of the Chrome WebDriver.</msg>
<status status="PASS" starttime="20230106 14:54:34.097" endtime="20230106 14:54:35.262"/>
</kw>
<kw name="Go To" library="SeleniumLibrary">
<arg>${url}</arg>
<doc>Navigates the current browser window to the provided ``url``.</doc>
<msg timestamp="20230106 14:54:35.263" level="INFO">Opening url 'https://rahulshettyacademy.com/loginpagePractise/'</msg>
<status status="PASS" starttime="20230106 14:54:35.263" endtime="20230106 14:54:35.700"/>
</kw>
<status status="PASS" starttime="20230106 14:54:34.097" endtime="20230106 14:54:35.700"/>
</kw>
<kw name="Fill the login Form" library="LandingPage">
<arg>${user_name}</arg>
<arg>${valid_password}</arg>
<kw name="Input Text" library="SeleniumLibrary">
<arg>id:username</arg>
<arg>${username}</arg>
<doc>Types the given ``text`` into the text field identified by ``locator``.</doc>
<msg timestamp="20230106 14:54:35.701" level="INFO">Typing text 'rahulshettyacademy' into text field 'id:username'.</msg>
<status status="PASS" starttime="20230106 14:54:35.701" endtime="20230106 14:54:35.798"/>
</kw>
<kw name="Input Password" library="SeleniumLibrary">
<arg>id:password</arg>
<arg>${password}</arg>
<doc>Types the given password into the text field identified by ``locator``.</doc>
<msg timestamp="20230106 14:54:35.799" level="INFO">Typing password into text field 'id:password'.</msg>
<msg timestamp="20230106 14:54:35.831" level="INFO">Temporally setting log level to: NONE</msg>
<msg timestamp="20230106 14:54:35.865" level="INFO">Log level changed from NONE to INFO.</msg>
<status status="PASS" starttime="20230106 14:54:35.798" endtime="20230106 14:54:35.865"/>
</kw>
<kw name="Click Button" library="SeleniumLibrary">
<arg>signInBtn</arg>
<doc>Clicks the button identified by ``locator``.</doc>
<msg timestamp="20230106 14:54:35.865" level="INFO">Clicking button 'signInBtn'.</msg>
<status status="PASS" starttime="20230106 14:54:35.865" endtime="20230106 14:54:35.910"/>
</kw>
<status status="PASS" starttime="20230106 14:54:35.701" endtime="20230106 14:54:35.910"/>
</kw>
<kw name="wait until Element is located in the page" library="ShopPage">
<kw name="Wait Until element passed is located on Page" library="Generic">
<arg>${Shop_page_load}</arg>
<kw name="Wait Until Element Is Visible" library="SeleniumLibrary">
<arg>${page_locator}</arg>
<arg>timeout=10</arg>
<doc>Waits until the element ``locator`` is visible.</doc>
<status status="PASS" starttime="20230106 14:54:35.910" endtime="20230106 14:54:39.248"/>
</kw>
<status status="PASS" starttime="20230106 14:54:35.910" endtime="20230106 14:54:39.248"/>
</kw>
<status status="PASS" starttime="20230106 14:54:35.910" endtime="20230106 14:54:39.248"/>
</kw>
<kw name="Verify Card titles in the Shop page" library="ShopPage">
<kw name="Create List" library="BuiltIn">
<var>@{expectedList}</var>
<arg>iphone X</arg>
<arg>Samsung Note 8</arg>
<arg>Nokia Edge</arg>
<arg>Blackberry</arg>
<doc>Returns a list containing given items.</doc>
<msg timestamp="20230106 14:54:39.250" level="INFO">@{expectedList} = [ iphone X | Samsung Note 8 | Nokia Edge | Blackberry ]</msg>
<status status="PASS" starttime="20230106 14:54:39.250" endtime="20230106 14:54:39.250"/>
</kw>
<kw name="Get WebElements" library="SeleniumLibrary">
<var>${elements}</var>
<arg>css:.card-title</arg>
<doc>Returns a list of WebElement objects matching the ``locator``.</doc>
<msg timestamp="20230106 14:54:39.258" level="INFO">${elements} = [&lt;selenium.webdriver.remote.webelement.WebElement (session="bb18a932230ebbc836fedfab31438851", element="47b00a10-3a62-4599-bb18-9df1d59c282f")&gt;, &lt;selenium.webdriver.remote.webelement.WebElement (sessi...</msg>
<status status="PASS" starttime="20230106 14:54:39.250" endtime="20230106 14:54:39.258"/>
</kw>
<kw name="Create List" library="BuiltIn">
<var>@{actualList}</var>
<doc>Returns a list containing given items.</doc>
<msg timestamp="20230106 14:54:39.259" level="INFO">@{actualList} = [ ]</msg>
<status status="PASS" starttime="20230106 14:54:39.258" endtime="20230106 14:54:39.259"/>
</kw>
<for flavor="IN">
<var>${element}</var>
<value>@{elements}</value>
<iter>
<var name="${element}">&lt;selenium.webdriver.remote.webelement.WebElement (session="bb18a932230ebbc836fedfab31438851", element="47b00a10-3a62-4599-bb18-9df1d59c282f")&gt;</var>
<kw name="Log" library="BuiltIn">
<arg>${element.text}</arg>
<doc>Logs the given message with the given level.</doc>
<msg timestamp="20230106 14:54:39.269" level="INFO">iphone X</msg>
<status status="PASS" starttime="20230106 14:54:39.259" endtime="20230106 14:54:39.269"/>
</kw>
<kw name="Append To List" library="Collections">
<arg>${actualList}</arg>
<arg>${element.text}</arg>
<doc>Adds ``values`` to the end of ``list``.</doc>
<status status="PASS" starttime="20230106 14:54:39.269" endtime="20230106 14:54:39.275"/>
</kw>
<status status="PASS" starttime="20230106 14:54:39.259" endtime="20230106 14:54:39.275"/>
</iter>
<iter>
<var name="${element}">&lt;selenium.webdriver.remote.webelement.WebElement (session="bb18a932230ebbc836fedfab31438851", element="f25800f6-1c5f-4d3d-8a50-78693fb749e0")&gt;</var>
<kw name="Log" library="BuiltIn">
<arg>${element.text}</arg>
<doc>Logs the given message with the given level.</doc>
<msg timestamp="20230106 14:54:39.287" level="INFO">Samsung Note 8</msg>
<status status="PASS" starttime="20230106 14:54:39.276" endtime="20230106 14:54:39.287"/>
</kw>
<kw name="Append To List" library="Collections">
<arg>${actualList}</arg>
<arg>${element.text}</arg>
<doc>Adds ``values`` to the end of ``list``.</doc>
<status status="PASS" starttime="20230106 14:54:39.287" endtime="20230106 14:54:39.293"/>
</kw>
<status status="PASS" starttime="20230106 14:54:39.275" endtime="20230106 14:54:39.293"/>
</iter>
<iter>
<var name="${element}">&lt;selenium.webdriver.remote.webelement.WebElement (session="bb18a932230ebbc836fedfab31438851", element="c336e317-d7f3-4b5f-8473-f3c7fef94918")&gt;</var>
<kw name="Log" library="BuiltIn">
<arg>${element.text}</arg>
<doc>Logs the given message with the given level.</doc>
<msg timestamp="20230106 14:54:39.308" level="INFO">Nokia Edge</msg>
<status status="PASS" starttime="20230106 14:54:39.293" endtime="20230106 14:54:39.308"/>
</kw>
<kw name="Append To List" library="Collections">
<arg>${actualList}</arg>
<arg>${element.text}</arg>
<doc>Adds ``values`` to the end of ``list``.</doc>
<status status="PASS" starttime="20230106 14:54:39.308" endtime="20230106 14:54:39.316"/>
</kw>
<status status="PASS" starttime="20230106 14:54:39.293" endtime="20230106 14:54:39.316"/>
</iter>
<iter>
<var name="${element}">&lt;selenium.webdriver.remote.webelement.WebElement (session="bb18a932230ebbc836fedfab31438851", element="62a8d5f4-26ed-44c2-aa72-b775fc73d114")&gt;</var>
<kw name="Log" library="BuiltIn">
<arg>${element.text}</arg>
<doc>Logs the given message with the given level.</doc>
<msg timestamp="20230106 14:54:39.326" level="INFO">Blackberry</msg>
<status status="PASS" starttime="20230106 14:54:39.316" endtime="20230106 14:54:39.326"/>
</kw>
<kw name="Append To List" library="Collections">
<arg>${actualList}</arg>
<arg>${element.text}</arg>
<doc>Adds ``values`` to the end of ``list``.</doc>
<status status="PASS" starttime="20230106 14:54:39.326" endtime="20230106 14:54:39.332"/>
</kw>
<status status="PASS" starttime="20230106 14:54:39.316" endtime="20230106 14:54:39.332"/>
</iter>
<status status="PASS" starttime="20230106 14:54:39.259" endtime="20230106 14:54:39.332"/>
</for>
<kw name="Lists Should Be Equal" library="Collections">
<arg>${expectedList}</arg>
<arg>${actualList}</arg>
<doc>Fails if given lists are unequal.</doc>
<status status="PASS" starttime="20230106 14:54:39.333" endtime="20230106 14:54:39.333"/>
</kw>
<status status="PASS" starttime="20230106 14:54:39.249" endtime="20230106 14:54:39.333"/>
</kw>
<kw name="Add Items To Cart And Checkout" library="Shop">
<arg>${listofProducts}</arg>
<msg timestamp="20230106 14:54:39.348" level="INFO">Clicking button 'xpath:(//*[@class='card-footer'])[2]/button'.</msg>
<msg timestamp="20230106 14:54:39.397" level="INFO">Clicking button 'xpath:(//*[@class='card-footer'])[3]/button'.</msg>
<msg timestamp="20230106 14:54:39.443" level="INFO">Clicking link 'css:li.active a'.</msg>
<status status="PASS" starttime="20230106 14:54:39.333" endtime="20230106 14:54:39.489"/>
</kw>
<kw name="Verify items in the Checkout Page and proceed" library="CheckoutPage">
<kw name="Click Element" library="SeleniumLibrary">
<arg>css:.btn-success</arg>
<doc>Click the element identified by ``locator``.</doc>
<msg timestamp="20230106 14:54:39.491" level="INFO">Clicking element 'css:.btn-success'.</msg>
<status status="PASS" starttime="20230106 14:54:39.491" endtime="20230106 14:54:39.545"/>
</kw>
<status status="PASS" starttime="20230106 14:54:39.490" endtime="20230106 14:54:39.545"/>
</kw>
<kw name="Enter the Country and select the terms" library="ConfirmationPage">
<arg>${country_name}</arg>
<kw name="Input Text" library="SeleniumLibrary">
<arg>country</arg>
<arg>${country_name}</arg>
<doc>Types the given ``text`` into the text field identified by ``locator``.</doc>
<msg timestamp="20230106 14:54:39.546" level="INFO">Typing text 'Bangladesh' into text field 'country'.</msg>
<status status="PASS" starttime="20230106 14:54:39.546" endtime="20230106 14:54:39.631"/>
</kw>
<kw name="Wait Until element passed is located on Page" library="Generic">
<arg>//a[text()='${country_name}']</arg>
<kw name="Wait Until Element Is Visible" library="SeleniumLibrary">
<arg>${page_locator}</arg>
<arg>timeout=10</arg>
<doc>Waits until the element ``locator`` is visible.</doc>
<status status="PASS" starttime="20230106 14:54:39.631" endtime="20230106 14:54:44.787"/>
</kw>
<status status="PASS" starttime="20230106 14:54:39.631" endtime="20230106 14:54:44.787"/>
</kw>
<kw name="Click Element" library="SeleniumLibrary">
<arg>//a[text()='${country_name}']</arg>
<doc>Click the element identified by ``locator``.</doc>
<msg timestamp="20230106 14:54:44.788" level="INFO">Clicking element '//a[text()='Bangladesh']'.</msg>
<status status="PASS" starttime="20230106 14:54:44.787" endtime="20230106 14:54:44.830"/>
</kw>
<kw name="Sleep" library="BuiltIn">
<arg>2</arg>
<doc>Pauses the test executed for the given time.</doc>
<msg timestamp="20230106 14:54:46.832" level="INFO">Slept 2 seconds</msg>
<status status="PASS" starttime="20230106 14:54:44.830" endtime="20230106 14:54:46.832"/>
</kw>
<kw name="Click Element" library="SeleniumLibrary">
<arg>css:.checkbox label</arg>
<doc>Click the element identified by ``locator``.</doc>
<msg timestamp="20230106 14:54:46.833" level="INFO">Clicking element 'css:.checkbox label'.</msg>
<status status="PASS" starttime="20230106 14:54:46.832" endtime="20230106 14:54:46.896"/>
</kw>
<status status="PASS" starttime="20230106 14:54:39.545" endtime="20230106 14:54:46.896"/>
</kw>
<kw name="Purchase the Product and Confirm the Purchase" library="ConfirmationPage">
<kw name="Click Button" library="SeleniumLibrary">
<arg>css:.btn-success</arg>
<doc>Clicks the button identified by ``locator``.</doc>
<msg timestamp="20230106 14:54:46.898" level="INFO">Clicking button 'css:.btn-success'.</msg>
<status status="PASS" starttime="20230106 14:54:46.898" endtime="20230106 14:54:46.954"/>
</kw>
<kw name="Page Should Contain" library="SeleniumLibrary">
<arg>Success!</arg>
<doc>Verifies that current page contains ``text``.</doc>
<msg timestamp="20230106 14:54:46.972" level="INFO">Current page contains text 'Success!'.</msg>
<status status="PASS" starttime="20230106 14:54:46.954" endtime="20230106 14:54:46.972"/>
</kw>
<status status="PASS" starttime="20230106 14:54:46.897" endtime="20230106 14:54:46.972"/>
</kw>
<kw name="Close Browser session" library="Generic" type="TEARDOWN">
<kw name="Close Browser" library="SeleniumLibrary">
<doc>Closes the current browser.</doc>
<status status="PASS" starttime="20230106 14:54:46.973" endtime="20230106 14:54:49.096"/>
</kw>
<status status="PASS" starttime="20230106 14:54:46.973" endtime="20230106 14:54:49.096"/>
</kw>
<tag>REGRESSION</tag>
<status status="PASS" starttime="20230106 14:54:34.096" endtime="20230106 14:54:49.098"/>
</test>
<test id="s1-s1-t3" name="Verify user is able to fillup the login form" line="41">
<kw name="open the browser with the url" library="Generic" type="SETUP">
<kw name="Create Webdriver" library="SeleniumLibrary">
<arg>${browser_name}</arg>
<arg>executable_path=resources/${browser_name}</arg>
<doc>Creates an instance of Selenium WebDriver.</doc>
<msg timestamp="20230106 14:54:49.103" level="INFO">Creating an instance of the Chrome WebDriver.</msg>
<status status="PASS" starttime="20230106 14:54:49.102" endtime="20230106 14:54:50.322"/>
</kw>
<kw name="Go To" library="SeleniumLibrary">
<arg>${url}</arg>
<doc>Navigates the current browser window to the provided ``url``.</doc>
<msg timestamp="20230106 14:54:50.323" level="INFO">Opening url 'https://rahulshettyacademy.com/loginpagePractise/'</msg>
<status status="PASS" starttime="20230106 14:54:50.323" endtime="20230106 14:54:50.851"/>
</kw>
<status status="PASS" starttime="20230106 14:54:49.102" endtime="20230106 14:54:50.851"/>
</kw>
<kw name="Fill the Login Details Form" library="LandingPage">
<kw name="Input Text" library="SeleniumLibrary">
<arg>id:username</arg>
<arg>rahulshettyacademy</arg>
<doc>Types the given ``text`` into the text field identified by ``locator``.</doc>
<msg timestamp="20230106 14:54:50.852" level="INFO">Typing text 'rahulshettyacademy' into text field 'id:username'.</msg>
<status status="PASS" starttime="20230106 14:54:50.852" endtime="20230106 14:54:50.959"/>
</kw>
<kw name="Input Password" library="SeleniumLibrary">
<arg>id:password</arg>
<arg>learning</arg>
<doc>Types the given password into the text field identified by ``locator``.</doc>
<msg timestamp="20230106 14:54:50.960" level="INFO">Typing password into text field 'id:password'.</msg>
<msg timestamp="20230106 14:54:50.994" level="INFO">Temporally setting log level to: NONE</msg>
<msg timestamp="20230106 14:54:51.028" level="INFO">Log level changed from NONE to INFO.</msg>
<status status="PASS" starttime="20230106 14:54:50.960" endtime="20230106 14:54:51.028"/>
</kw>
<kw name="Click Element" library="SeleniumLibrary">
<arg>css:input[value='user']</arg>
<doc>Click the element identified by ``locator``.</doc>
<msg timestamp="20230106 14:54:51.029" level="INFO">Clicking element 'css:input[value='user']'.</msg>
<status status="PASS" starttime="20230106 14:54:51.028" endtime="20230106 14:54:51.069"/>
</kw>
<kw name="Wait Until Element Is Visible" library="SeleniumLibrary">
<arg>css:.modal-body</arg>
<doc>Waits until the element ``locator`` is visible.</doc>
<status status="PASS" starttime="20230106 14:54:51.069" endtime="20230106 14:54:51.309"/>
</kw>
<kw name="Click Button" library="SeleniumLibrary">
<arg>id:okayBtn</arg>
<doc>Clicks the button identified by ``locator``.</doc>
<msg timestamp="20230106 14:54:51.309" level="INFO">Clicking button 'id:okayBtn'.</msg>
<status status="PASS" starttime="20230106 14:54:51.309" endtime="20230106 14:54:51.360"/>
</kw>
<kw name="Click Button" library="SeleniumLibrary">
<arg>id:okayBtn</arg>
<doc>Clicks the button identified by ``locator``.</doc>
<msg timestamp="20230106 14:54:51.360" level="INFO">Clicking button 'id:okayBtn'.</msg>
<status status="PASS" starttime="20230106 14:54:51.360" endtime="20230106 14:54:51.392"/>
</kw>
<kw name="Wait Until Element Is Not Visible" library="SeleniumLibrary">
<arg>css:.modal-body</arg>
<doc>Waits until the element ``locator`` is not visible.</doc>
<status status="PASS" starttime="20230106 14:54:51.392" endtime="20230106 14:54:51.620"/>
</kw>
<kw name="Select From List By Value" library="SeleniumLibrary">
<arg>css:select.form-control</arg>
<arg>teach</arg>
<doc>Selects options from selection list ``locator`` by ``values``.</doc>
<msg timestamp="20230106 14:54:51.621" level="INFO">Selecting options from selection list 'css:select.form-control' by value teach.</msg>
<status status="PASS" starttime="20230106 14:54:51.620" endtime="20230106 14:54:51.676"/>
</kw>
<kw name="Select Checkbox" library="SeleniumLibrary">
<arg>terms</arg>
<doc>Selects the checkbox identified by ``locator``.</doc>
<msg timestamp="20230106 14:54:51.676" level="INFO">Selecting checkbox 'terms'.</msg>
<status status="PASS" starttime="20230106 14:54:51.676" endtime="20230106 14:54:51.724"/>
</kw>
<kw name="Checkbox Should Be Selected" library="SeleniumLibrary">
<arg>terms</arg>
<doc>Verifies checkbox ``locator`` is selected/checked.</doc>
<msg timestamp="20230106 14:54:51.724" level="INFO">Verifying checkbox 'terms' is selected.</msg>
<status status="PASS" starttime="20230106 14:54:51.724" endtime="20230106 14:54:51.737"/>
</kw>
<status status="PASS" starttime="20230106 14:54:50.851" endtime="20230106 14:54:51.737"/>
</kw>
<kw name="Close Browser session" library="Generic" type="TEARDOWN">
<kw name="Close Browser" library="SeleniumLibrary">
<doc>Closes the current browser.</doc>
<status status="PASS" starttime="20230106 14:54:51.740" endtime="20230106 14:54:53.833"/>
</kw>
<status status="PASS" starttime="20230106 14:54:51.739" endtime="20230106 14:54:53.834"/>
</kw>
<status status="PASS" starttime="20230106 14:54:49.101" endtime="20230106 14:54:53.835"/>
</test>
<doc>To validate the Login form</doc>
<status status="PASS" starttime="20230106 14:54:27.085" endtime="20230106 14:54:53.839"/>
</suite>
<suite id="s1-s2" name="Test" source="C:\UI-Automation-Robot-framework\Test">
<suite id="s1-s2-s1" name="UI Test" source="C:\UI-Automation-Robot-framework\Test\UI_Test.robot">
<test id="s1-s2-s1-t1" name="Validate UnSuccesful Login" line="21">
<kw name="open the browser with the url" library="Generic" type="SETUP">
<kw name="Create Webdriver" library="SeleniumLibrary">
<arg>${browser_name}</arg>
<arg>executable_path=resources/${browser_name}</arg>
<doc>Creates an instance of Selenium WebDriver.</doc>
<msg timestamp="20230106 14:54:53.859" level="INFO">Creating an instance of the Chrome WebDriver.</msg>
<status status="PASS" starttime="20230106 14:54:53.859" endtime="20230106 14:54:55.052"/>
</kw>
<kw name="Go To" library="SeleniumLibrary">
<arg>${url}</arg>
<doc>Navigates the current browser window to the provided ``url``.</doc>
<msg timestamp="20230106 14:54:55.052" level="INFO">Opening url 'https://rahulshettyacademy.com/loginpagePractise/'</msg>
<status status="PASS" starttime="20230106 14:54:55.052" endtime="20230106 14:54:55.922"/>
</kw>
<status status="PASS" starttime="20230106 14:54:53.859" endtime="20230106 14:54:55.922"/>
</kw>
<kw name="Fill the login Form" library="LandingPage">
<arg>${user_name}</arg>
<arg>${invalid_password}</arg>
<kw name="Input Text" library="SeleniumLibrary">
<arg>id:username</arg>
<arg>${username}</arg>
<doc>Types the given ``text`` into the text field identified by ``locator``.</doc>
<msg timestamp="20230106 14:54:55.923" level="INFO">Typing text 'rahulshettyacademy' into text field 'id:username'.</msg>
<status status="PASS" starttime="20230106 14:54:55.923" endtime="20230106 14:54:56.014"/>
</kw>
<kw name="Input Password" library="SeleniumLibrary">
<arg>id:password</arg>
<arg>${password}</arg>
<doc>Types the given password into the text field identified by ``locator``.</doc>
<msg timestamp="20230106 14:54:56.014" level="INFO">Typing password into text field 'id:password'.</msg>
<msg timestamp="20230106 14:54:56.047" level="INFO">Temporally setting log level to: NONE</msg>
<msg timestamp="20230106 14:54:56.080" level="INFO">Log level changed from NONE to INFO.</msg>
<status status="PASS" starttime="20230106 14:54:56.014" endtime="20230106 14:54:56.080"/>
</kw>
<kw name="Click Button" library="SeleniumLibrary">
<arg>signInBtn</arg>
<doc>Clicks the button identified by ``locator``.</doc>
<msg timestamp="20230106 14:54:56.081" level="INFO">Clicking button 'signInBtn'.</msg>
<status status="PASS" starttime="20230106 14:54:56.080" endtime="20230106 14:54:56.124"/>
</kw>
<status status="PASS" starttime="20230106 14:54:55.922" endtime="20230106 14:54:56.124"/>
</kw>
<kw name="wait until Element is located in the page" library="LandingPage">
<kw name="Wait Until element passed is located on Page" library="Generic">
<arg>${Error_Message_Login}</arg>
<kw name="Wait Until Element Is Visible" library="SeleniumLibrary">
<arg>${page_locator}</arg>
<arg>timeout=10</arg>
<doc>Waits until the element ``locator`` is visible.</doc>
<status status="PASS" starttime="20230106 14:54:56.125" endtime="20230106 14:54:58.126"/>
</kw>
<status status="PASS" starttime="20230106 14:54:56.125" endtime="20230106 14:54:58.126"/>
</kw>
<status status="PASS" starttime="20230106 14:54:56.125" endtime="20230106 14:54:58.126"/>
</kw>
<kw name="verify error message is correct" library="LandingPage">
<kw name="Get Text" library="SeleniumLibrary">
<var>${result}</var>
<arg>${Error_Message_Login}</arg>
<doc>Returns the text value of the element identified by ``locator``.</doc>
<msg timestamp="20230106 14:54:58.147" level="INFO">${result} = Incorrect username/password.</msg>
<status status="PASS" starttime="20230106 14:54:58.127" endtime="20230106 14:54:58.147"/>
</kw>
<kw name="Should Be Equal As Strings" library="BuiltIn">
<arg>${result}</arg>
<arg>Incorrect username/password.</arg>
<doc>Fails if objects are unequal after converting them to strings.</doc>
<status status="PASS" starttime="20230106 14:54:58.147" endtime="20230106 14:54:58.147"/>
</kw>
<kw name="Element Text Should Be" library="SeleniumLibrary">
<arg>${Error_Message_Login}</arg>
<arg>Incorrect username/password.</arg>
<doc>Verifies that element ``locator`` contains exact the text ``expected``.</doc>
<msg timestamp="20230106 14:54:58.148" level="INFO">Verifying element 'css:.alert-danger' contains exact text 'Incorrect username/password.'.</msg>
<status status="PASS" starttime="20230106 14:54:58.147" endtime="20230106 14:54:58.164"/>
</kw>
<status status="PASS" starttime="20230106 14:54:58.127" endtime="20230106 14:54:58.164"/>
</kw>
<kw name="Close Browser session" library="Generic" type="TEARDOWN">
<kw name="Close Browser" library="SeleniumLibrary">
<doc>Closes the current browser.</doc>
<status status="PASS" starttime="20230106 14:54:58.165" endtime="20230106 14:55:01.037"/>
</kw>
<status status="PASS" starttime="20230106 14:54:58.165" endtime="20230106 14:55:01.037"/>
</kw>
<tag>REGRESSION</tag>
<tag>SMOKE</tag>
<status status="PASS" starttime="20230106 14:54:53.858" endtime="20230106 14:55:01.038"/>
</test>
<test id="s1-s2-s1-t2" name="Veify the end to end ecommerce Product purchase process" line="29">
<kw name="open the browser with the url" library="Generic" type="SETUP">
<kw name="Create Webdriver" library="SeleniumLibrary">
<arg>${browser_name}</arg>
<arg>executable_path=resources/${browser_name}</arg>
<doc>Creates an instance of Selenium WebDriver.</doc>
<msg timestamp="20230106 14:55:01.043" level="INFO">Creating an instance of the Chrome WebDriver.</msg>
<status status="PASS" starttime="20230106 14:55:01.043" endtime="20230106 14:55:02.213"/>
</kw>
<kw name="Go To" library="SeleniumLibrary">
<arg>${url}</arg>
<doc>Navigates the current browser window to the provided ``url``.</doc>
<msg timestamp="20230106 14:55:02.214" level="INFO">Opening url 'https://rahulshettyacademy.com/loginpagePractise/'</msg>
<status status="PASS" starttime="20230106 14:55:02.213" endtime="20230106 14:55:02.642"/>
</kw>
<status status="PASS" starttime="20230106 14:55:01.042" endtime="20230106 14:55:02.642"/>
</kw>
<kw name="Fill the login Form" library="LandingPage">
<arg>${user_name}</arg>
<arg>${valid_password}</arg>
<kw name="Input Text" library="SeleniumLibrary">
<arg>id:username</arg>
<arg>${username}</arg>
<doc>Types the given ``text`` into the text field identified by ``locator``.</doc>
<msg timestamp="20230106 14:55:02.643" level="INFO">Typing text 'rahulshettyacademy' into text field 'id:username'.</msg>
<status status="PASS" starttime="20230106 14:55:02.643" endtime="20230106 14:55:02.737"/>
</kw>
<kw name="Input Password" library="SeleniumLibrary">
<arg>id:password</arg>
<arg>${password}</arg>
<doc>Types the given password into the text field identified by ``locator``.</doc>
<msg timestamp="20230106 14:55:02.738" level="INFO">Typing password into text field 'id:password'.</msg>
<msg timestamp="20230106 14:55:02.772" level="INFO">Temporally setting log level to: NONE</msg>
<msg timestamp="20230106 14:55:02.809" level="INFO">Log level changed from NONE to INFO.</msg>
<status status="PASS" starttime="20230106 14:55:02.737" endtime="20230106 14:55:02.809"/>
</kw>
<kw name="Click Button" library="SeleniumLibrary">
<arg>signInBtn</arg>
<doc>Clicks the button identified by ``locator``.</doc>
<msg timestamp="20230106 14:55:02.809" level="INFO">Clicking button 'signInBtn'.</msg>
<status status="PASS" starttime="20230106 14:55:02.809" endtime="20230106 14:55:02.853"/>
</kw>
<status status="PASS" starttime="20230106 14:55:02.642" endtime="20230106 14:55:02.854"/>
</kw>
<kw name="wait until Element is located in the page" library="ShopPage">
<kw name="Wait Until element passed is located on Page" library="Generic">
<arg>${Shop_page_load}</arg>
<kw name="Wait Until Element Is Visible" library="SeleniumLibrary">
<arg>${page_locator}</arg>
<arg>timeout=10</arg>
<doc>Waits until the element ``locator`` is visible.</doc>
<status status="PASS" starttime="20230106 14:55:02.854" endtime="20230106 14:55:05.922"/>
</kw>
<status status="PASS" starttime="20230106 14:55:02.854" endtime="20230106 14:55:05.922"/>
</kw>
<status status="PASS" starttime="20230106 14:55:02.854" endtime="20230106 14:55:05.922"/>
</kw>
<kw name="Verify Card titles in the Shop page" library="ShopPage">
<kw name="Create List" library="BuiltIn">
<var>@{expectedList}</var>
<arg>iphone X</arg>
<arg>Samsung Note 8</arg>
<arg>Nokia Edge</arg>
<arg>Blackberry</arg>
<doc>Returns a list containing given items.</doc>
<msg timestamp="20230106 14:55:05.923" level="INFO">@{expectedList} = [ iphone X | Samsung Note 8 | Nokia Edge | Blackberry ]</msg>
<status status="PASS" starttime="20230106 14:55:05.923" endtime="20230106 14:55:05.923"/>
</kw>
<kw name="Get WebElements" library="SeleniumLibrary">
<var>${elements}</var>
<arg>css:.card-title</arg>
<doc>Returns a list of WebElement objects matching the ``locator``.</doc>
<msg timestamp="20230106 14:55:05.933" level="INFO">${elements} = [&lt;selenium.webdriver.remote.webelement.WebElement (session="6c8e2090b4273fc14b020ea62ea0d7fa", element="f53045d0-d11c-4023-ad51-19d6411bde3c")&gt;, &lt;selenium.webdriver.remote.webelement.WebElement (sessi...</msg>
<status status="PASS" starttime="20230106 14:55:05.923" endtime="20230106 14:55:05.933"/>
</kw>
<kw name="Create List" library="BuiltIn">
<var>@{actualList}</var>
<doc>Returns a list containing given items.</doc>
<msg timestamp="20230106 14:55:05.935" level="INFO">@{actualList} = [ ]</msg>
<status status="PASS" starttime="20230106 14:55:05.935" endtime="20230106 14:55:05.935"/>
</kw>
<for flavor="IN">
<var>${element}</var>
<value>@{elements}</value>
<iter>
<var name="${element}">&lt;selenium.webdriver.remote.webelement.WebElement (session="6c8e2090b4273fc14b020ea62ea0d7fa", element="f53045d0-d11c-4023-ad51-19d6411bde3c")&gt;</var>
<kw name="Log" library="BuiltIn">
<arg>${element.text}</arg>
<doc>Logs the given message with the given level.</doc>
<msg timestamp="20230106 14:55:05.946" level="INFO">iphone X</msg>
<status status="PASS" starttime="20230106 14:55:05.935" endtime="20230106 14:55:05.946"/>
</kw>
<kw name="Append To List" library="Collections">
<arg>${actualList}</arg>
<arg>${element.text}</arg>
<doc>Adds ``values`` to the end of ``list``.</doc>
<status status="PASS" starttime="20230106 14:55:05.946" endtime="20230106 14:55:05.951"/>
</kw>
<status status="PASS" starttime="20230106 14:55:05.935" endtime="20230106 14:55:05.951"/>
</iter>
<iter>
<var name="${element}">&lt;selenium.webdriver.remote.webelement.WebElement (session="6c8e2090b4273fc14b020ea62ea0d7fa", element="ed805771-5417-4602-a3a1-a1a10c055585")&gt;</var>
<kw name="Log" library="BuiltIn">
<arg>${element.text}</arg>
<doc>Logs the given message with the given level.</doc>
<msg timestamp="20230106 14:55:05.961" level="INFO">Samsung Note 8</msg>
<status status="PASS" starttime="20230106 14:55:05.951" endtime="20230106 14:55:05.961"/>
</kw>
<kw name="Append To List" library="Collections">
<arg>${actualList}</arg>
<arg>${element.text}</arg>
<doc>Adds ``values`` to the end of ``list``.</doc>
<status status="PASS" starttime="20230106 14:55:05.961" endtime="20230106 14:55:05.966"/>
</kw>
<status status="PASS" starttime="20230106 14:55:05.951" endtime="20230106 14:55:05.966"/>
</iter>
<iter>
<var name="${element}">&lt;selenium.webdriver.remote.webelement.WebElement (session="6c8e2090b4273fc14b020ea62ea0d7fa", element="054a7303-68b8-4593-83b6-d4b511839901")&gt;</var>
<kw name="Log" library="BuiltIn">
<arg>${element.text}</arg>
<doc>Logs the given message with the given level.</doc>
<msg timestamp="20230106 14:55:05.977" level="INFO">Nokia Edge</msg>
<status status="PASS" starttime="20230106 14:55:05.967" endtime="20230106 14:55:05.977"/>
</kw>
<kw name="Append To List" library="Collections">
<arg>${actualList}</arg>
<arg>${element.text}</arg>
<doc>Adds ``values`` to the end of ``list``.</doc>
<status status="PASS" starttime="20230106 14:55:05.977" endtime="20230106 14:55:05.982"/>
</kw>
<status status="PASS" starttime="20230106 14:55:05.967" endtime="20230106 14:55:05.983"/>
</iter>
<iter>
<var name="${element}">&lt;selenium.webdriver.remote.webelement.WebElement (session="6c8e2090b4273fc14b020ea62ea0d7fa", element="c28fafd2-0c55-4169-8a5a-66d841ecea79")&gt;</var>
<kw name="Log" library="BuiltIn">
<arg>${element.text}</arg>
<doc>Logs the given message with the given level.</doc>
<msg timestamp="20230106 14:55:05.993" level="INFO">Blackberry</msg>
<status status="PASS" starttime="20230106 14:55:05.983" endtime="20230106 14:55:05.993"/>
</kw>
<kw name="Append To List" library="Collections">
<arg>${actualList}</arg>
<arg>${element.text}</arg>
<doc>Adds ``values`` to the end of ``list``.</doc>
<status status="PASS" starttime="20230106 14:55:05.993" endtime="20230106 14:55:05.998"/>
</kw>
<status status="PASS" starttime="20230106 14:55:05.983" endtime="20230106 14:55:05.998"/>
</iter>
<status status="PASS" starttime="20230106 14:55:05.935" endtime="20230106 14:55:05.998"/>
</for>
<kw name="Lists Should Be Equal" library="Collections">
<arg>${expectedList}</arg>
<arg>${actualList}</arg>
<doc>Fails if given lists are unequal.</doc>
<status status="PASS" starttime="20230106 14:55:05.998" endtime="20230106 14:55:05.999"/>
</kw>
<status status="PASS" starttime="20230106 14:55:05.922" endtime="20230106 14:55:05.999"/>
</kw>
<kw name="Add Items To Cart And Checkout" library="Shop">
<arg>${listofProducts}</arg>
<msg timestamp="20230106 14:55:06.026" level="INFO">Clicking button 'xpath:(//*[@class='card-footer'])[2]/button'.</msg>
<msg timestamp="20230106 14:55:06.078" level="INFO">Clicking button 'xpath:(//*[@class='card-footer'])[3]/button'.</msg>
<msg timestamp="20230106 14:55:06.126" level="INFO">Clicking link 'css:li.active a'.</msg>
<status status="PASS" starttime="20230106 14:55:05.999" endtime="20230106 14:55:06.167"/>
</kw>
<kw name="Verify items in the Checkout Page and proceed" library="CheckoutPage">
<kw name="Click Element" library="SeleniumLibrary">
<arg>css:.btn-success</arg>
<doc>Click the element identified by ``locator``.</doc>
<msg timestamp="20230106 14:55:06.168" level="INFO">Clicking element 'css:.btn-success'.</msg>
<status status="PASS" starttime="20230106 14:55:06.168" endtime="20230106 14:55:06.217"/>
</kw>
<status status="PASS" starttime="20230106 14:55:06.168" endtime="20230106 14:55:06.217"/>
</kw>
<kw name="Enter the Country and select the terms" library="ConfirmationPage">
<arg>${country_name}</arg>
<kw name="Input Text" library="SeleniumLibrary">
<arg>country</arg>
<arg>${country_name}</arg>
<doc>Types the given ``text`` into the text field identified by ``locator``.</doc>
<msg timestamp="20230106 14:55:06.219" level="INFO">Typing text 'Bangladesh' into text field 'country'.</msg>
<status status="PASS" starttime="20230106 14:55:06.219" endtime="20230106 14:55:06.321"/>
</kw>
<kw name="Wait Until element passed is located on Page" library="Generic">
<arg>//a[text()='${country_name}']</arg>
<kw name="Wait Until Element Is Visible" library="SeleniumLibrary">
<arg>${page_locator}</arg>
<arg>timeout=10</arg>
<doc>Waits until the element ``locator`` is visible.</doc>
<status status="PASS" starttime="20230106 14:55:06.322" endtime="20230106 14:55:11.448"/>
</kw>
<status status="PASS" starttime="20230106 14:55:06.322" endtime="20230106 14:55:11.449"/>
</kw>
<kw name="Click Element" library="SeleniumLibrary">
<arg>//a[text()='${country_name}']</arg>
<doc>Click the element identified by ``locator``.</doc>
<msg timestamp="20230106 14:55:11.449" level="INFO">Clicking element '//a[text()='Bangladesh']'.</msg>
<status status="PASS" starttime="20230106 14:55:11.449" endtime="20230106 14:55:11.486"/>
</kw>
<kw name="Sleep" library="BuiltIn">
<arg>2</arg>
<doc>Pauses the test executed for the given time.</doc>
<msg timestamp="20230106 14:55:13.488" level="INFO">Slept 2 seconds</msg>
<status status="PASS" starttime="20230106 14:55:11.486" endtime="20230106 14:55:13.488"/>
</kw>
<kw name="Click Element" library="SeleniumLibrary">
<arg>css:.checkbox label</arg>
<doc>Click the element identified by ``locator``.</doc>
<msg timestamp="20230106 14:55:13.489" level="INFO">Clicking element 'css:.checkbox label'.</msg>
<status status="PASS" starttime="20230106 14:55:13.488" endtime="20230106 14:55:13.532"/>
</kw>
<status status="PASS" starttime="20230106 14:55:06.218" endtime="20230106 14:55:13.532"/>
</kw>
<kw name="Purchase the Product and Confirm the Purchase" library="ConfirmationPage">
<kw name="Click Button" library="SeleniumLibrary">
<arg>css:.btn-success</arg>
<doc>Clicks the button identified by ``locator``.</doc>
<msg timestamp="20230106 14:55:13.532" level="INFO">Clicking button 'css:.btn-success'.</msg>
<status status="PASS" starttime="20230106 14:55:13.532" endtime="20230106 14:55:13.572"/>
</kw>
<kw name="Page Should Contain" library="SeleniumLibrary">
<arg>Success!</arg>
<doc>Verifies that current page contains ``text``.</doc>
<msg timestamp="20230106 14:55:13.587" level="INFO">Current page contains text 'Success!'.</msg>
<status status="PASS" starttime="20230106 14:55:13.573" endtime="20230106 14:55:13.587"/>
</kw>
<status status="PASS" starttime="20230106 14:55:13.532" endtime="20230106 14:55:13.587"/>
</kw>
<kw name="Close Browser session" library="Generic" type="TEARDOWN">
<kw name="Close Browser" library="SeleniumLibrary">
<doc>Closes the current browser.</doc>
<status status="PASS" starttime="20230106 14:55:13.588" endtime="20230106 14:55:15.698"/>
</kw>
<status status="PASS" starttime="20230106 14:55:13.588" endtime="20230106 14:55:15.698"/>
</kw>
<tag>REGRESSION</tag>
<status status="PASS" starttime="20230106 14:55:01.040" endtime="20230106 14:55:15.700"/>
</test>
<test id="s1-s2-s1-t3" name="Verify user is able to fillup the login form" line="41">
<kw name="open the browser with the url" library="Generic" type="SETUP">
<kw name="Create Webdriver" library="SeleniumLibrary">
<arg>${browser_name}</arg>
<arg>executable_path=resources/${browser_name}</arg>
<doc>Creates an instance of Selenium WebDriver.</doc>
<msg timestamp="20230106 14:55:15.704" level="INFO">Creating an instance of the Chrome WebDriver.</msg>
<status status="PASS" starttime="20230106 14:55:15.704" endtime="20230106 14:55:16.843"/>
</kw>
<kw name="Go To" library="SeleniumLibrary">
<arg>${url}</arg>
<doc>Navigates the current browser window to the provided ``url``.</doc>
<msg timestamp="20230106 14:55:16.843" level="INFO">Opening url 'https://rahulshettyacademy.com/loginpagePractise/'</msg>
<status status="PASS" starttime="20230106 14:55:16.843" endtime="20230106 14:55:17.273"/>
</kw>
<status status="PASS" starttime="20230106 14:55:15.704" endtime="20230106 14:55:17.273"/>
</kw>
<kw name="Fill the Login Details Form" library="LandingPage">
<kw name="Input Text" library="SeleniumLibrary">
<arg>id:username</arg>
<arg>rahulshettyacademy</arg>
<doc>Types the given ``text`` into the text field identified by ``locator``.</doc>
<msg timestamp="20230106 14:55:17.274" level="INFO">Typing text 'rahulshettyacademy' into text field 'id:username'.</msg>
<status status="PASS" starttime="20230106 14:55:17.274" endtime="20230106 14:55:17.364"/>
</kw>
<kw name="Input Password" library="SeleniumLibrary">
<arg>id:password</arg>
<arg>learning</arg>
<doc>Types the given password into the text field identified by ``locator``.</doc>
<msg timestamp="20230106 14:55:17.365" level="INFO">Typing password into text field 'id:password'.</msg>
<msg timestamp="20230106 14:55:17.399" level="INFO">Temporally setting log level to: NONE</msg>
<msg timestamp="20230106 14:55:17.435" level="INFO">Log level changed from NONE to INFO.</msg>
<status status="PASS" starttime="20230106 14:55:17.364" endtime="20230106 14:55:17.435"/>
</kw>
<kw name="Click Element" library="SeleniumLibrary">
<arg>css:input[value='user']</arg>
<doc>Click the element identified by ``locator``.</doc>
<msg timestamp="20230106 14:55:17.436" level="INFO">Clicking element 'css:input[value='user']'.</msg>
<status status="PASS" starttime="20230106 14:55:17.435" endtime="20230106 14:55:17.477"/>
</kw>
<kw name="Wait Until Element Is Visible" library="SeleniumLibrary">
<arg>css:.modal-body</arg>
<doc>Waits until the element ``locator`` is visible.</doc>
<status status="PASS" starttime="20230106 14:55:17.478" endtime="20230106 14:55:17.716"/>
</kw>
<kw name="Click Button" library="SeleniumLibrary">
<arg>id:okayBtn</arg>
<doc>Clicks the button identified by ``locator``.</doc>
<msg timestamp="20230106 14:55:17.717" level="INFO">Clicking button 'id:okayBtn'.</msg>
<status status="PASS" starttime="20230106 14:55:17.716" endtime="20230106 14:55:17.761"/>
</kw>
<kw name="Click Button" library="SeleniumLibrary">
<arg>id:okayBtn</arg>
<doc>Clicks the button identified by ``locator``.</doc>
<msg timestamp="20230106 14:55:17.762" level="INFO">Clicking button 'id:okayBtn'.</msg>
<status status="PASS" starttime="20230106 14:55:17.761" endtime="20230106 14:55:17.798"/>
</kw>
<kw name="Wait Until Element Is Not Visible" library="SeleniumLibrary">
<arg>css:.modal-body</arg>
<doc>Waits until the element ``locator`` is not visible.</doc>
<status status="PASS" starttime="20230106 14:55:17.798" endtime="20230106 14:55:18.035"/>
</kw>
<kw name="Select From List By Value" library="SeleniumLibrary">
<arg>css:select.form-control</arg>
<arg>teach</arg>
<doc>Selects options from selection list ``locator`` by ``values``.</doc>
<msg timestamp="20230106 14:55:18.035" level="INFO">Selecting options from selection list 'css:select.form-control' by value teach.</msg>
<status status="PASS" starttime="20230106 14:55:18.035" endtime="20230106 14:55:18.088"/>
</kw>
<kw name="Select Checkbox" library="SeleniumLibrary">
<arg>terms</arg>
<doc>Selects the checkbox identified by ``locator``.</doc>
<msg timestamp="20230106 14:55:18.088" level="INFO">Selecting checkbox 'terms'.</msg>
<status status="PASS" starttime="20230106 14:55:18.088" endtime="20230106 14:55:18.136"/>
</kw>
<kw name="Checkbox Should Be Selected" library="SeleniumLibrary">
<arg>terms</arg>
<doc>Verifies checkbox ``locator`` is selected/checked.</doc>
<msg timestamp="20230106 14:55:18.136" level="INFO">Verifying checkbox 'terms' is selected.</msg>
<status status="PASS" starttime="20230106 14:55:18.136" endtime="20230106 14:55:18.147"/>
</kw>
<status status="PASS" starttime="20230106 14:55:17.273" endtime="20230106 14:55:18.147"/>
</kw>
<kw name="Close Browser session" library="Generic" type="TEARDOWN">
<kw name="Close Browser" library="SeleniumLibrary">
<doc>Closes the current browser.</doc>
<status status="PASS" starttime="20230106 14:55:18.149" endtime="20230106 14:55:20.263"/>
</kw>
<status status="PASS" starttime="20230106 14:55:18.148" endtime="20230106 14:55:20.263"/>
</kw>
<status status="PASS" starttime="20230106 14:55:15.703" endtime="20230106 14:55:20.264"/>
</test>
<doc>To validate the Login form</doc>
<status status="PASS" starttime="20230106 14:54:53.849" endtime="20230106 14:55:20.266"/>
</suite>
<status status="PASS" starttime="20230106 14:54:53.844" endtime="20230106 14:55:20.267"/>
</suite>
<status status="PASS" starttime="20230106 14:54:27.068" endtime="20230106 14:55:20.269"/>
</suite>
<statistics>
<total>
<stat pass="6" fail="0" skip="0">All Tests</stat>
</total>
<tag>
<stat pass="4" fail="0" skip="0">REGRESSION</stat>
<stat pass="2" fail="0" skip="0">SMOKE</stat>
</tag>
<suite>
<stat pass="6" fail="0" skip="0" id="s1" name="UI Test &amp; Test">UI Test &amp; Test</stat>
<stat pass="3" fail="0" skip="0" id="s1-s1" name="UI Test">UI Test &amp; Test.UI Test</stat>
<stat pass="3" fail="0" skip="0" id="s1-s2" name="Test">UI Test &amp; Test.Test</stat>
<stat pass="3" fail="0" skip="0" id="s1-s2-s1" name="UI Test">UI Test &amp; Test.Test.UI Test</stat>
</suite>
</statistics>
<errors>
</errors>
</robot>
