<?xml version="1.0" encoding="UTF-8"?>
<robot generator="Robot 6.0.1 (Python 3.11.1 on win32)" generated="20230106 14:04:14.427" rpa="false" schemaversion="3">
<suite id="s1" name="UI-Automation-Robot-framework" source="C:\UI-Automation-Robot-framework">
<suite id="s1-s1" name="TestVault" source="C:\UI-Automation-Robot-framework\TestVault">
<suite id="s1-s1-s1" name="Test-01" source="C:\UI-Automation-Robot-framework\TestVault\Test-01.robot">
<test id="s1-s1-s1-t1" name="Validate Unsucessful Login" line="9">
<kw name="open the browser with the Mortage payment url">
<kw name="Create Webdriver" library="SeleniumLibrary">
<arg>Chrome</arg>
<arg>executable_path=../Drivers/chromedriver</arg>
<doc>Creates an instance of Selenium WebDriver.</doc>
<msg timestamp="20230106 14:04:14.718" level="INFO">Creating an instance of the Chrome WebDriver.</msg>
<status status="PASS" starttime="20230106 14:04:14.718" endtime="20230106 14:04:16.437"/>
</kw>
<kw name="Go To" library="SeleniumLibrary">
<arg>https://rahulshettyacademy.com/loginpagePractise/</arg>
<doc>Navigates the current browser window to the provided ``url``.</doc>
<msg timestamp="20230106 14:04:16.437" level="INFO">Opening url 'https://rahulshettyacademy.com/loginpagePractise/'</msg>
<status status="PASS" starttime="20230106 14:04:16.437" endtime="20230106 14:04:17.140"/>
</kw>
<status status="PASS" starttime="20230106 14:04:14.717" endtime="20230106 14:04:17.141"/>
</kw>
<kw name="Fill the login Form">
<kw name="Input Text" library="SeleniumLibrary">
<arg>id:username</arg>
<arg>rahulshettyacademy</arg>
<doc>Types the given ``text`` into the text field identified by ``locator``.</doc>
<msg timestamp="20230106 14:04:17.142" level="INFO">Typing text 'rahulshettyacademy' into text field 'id:username'.</msg>
<status status="PASS" starttime="20230106 14:04:17.142" endtime="20230106 14:04:17.247"/>
</kw>
<kw name="Input Password" library="SeleniumLibrary">
<arg>id:password</arg>
<arg>125643</arg>
<doc>Types the given password into the text field identified by ``locator``.</doc>
<msg timestamp="20230106 14:04:17.249" level="INFO">Typing password into text field 'id:password'.</msg>
<msg timestamp="20230106 14:04:17.283" level="INFO">Temporally setting log level to: NONE</msg>
<msg timestamp="20230106 14:04:17.314" level="INFO">Log level changed from NONE to INFO.</msg>
<status status="PASS" starttime="20230106 14:04:17.248" endtime="20230106 14:04:17.314"/>
</kw>
<kw name="Click Button" library="SeleniumLibrary">
<arg>signInBtn</arg>
<doc>Clicks the button identified by ``locator``.</doc>
<msg timestamp="20230106 14:04:17.314" level="INFO">Clicking button 'signInBtn'.</msg>
<status status="PASS" starttime="20230106 14:04:17.314" endtime="20230106 14:04:17.361"/>
</kw>
<kw name="Set Selenium Implicit Wait" library="SeleniumLibrary">
<arg>200</arg>
<doc>Sets the implicit wait value used by Selenium.</doc>
<status status="PASS" starttime="20230106 14:04:17.361" endtime="20230106 14:04:17.363"/>
</kw>
<status status="PASS" starttime="20230106 14:04:17.141" endtime="20230106 14:04:17.363"/>
</kw>
<kw name="wait until it checks and display error message">
<kw name="Wait Until Element Is Visible" library="SeleniumLibrary">
<arg>${error_message_login}</arg>
<doc>Waits until the element ``locator`` is visible.</doc>
<status status="PASS" starttime="20230106 14:04:17.363" endtime="20230106 14:04:19.384"/>
</kw>
<status status="PASS" starttime="20230106 14:04:17.363" endtime="20230106 14:04:19.384"/>
</kw>
<kw name="verify error message is correct">
<kw name="Element Text Should Be" library="SeleniumLibrary">
<arg>${error_message_login}</arg>
<arg>Incorrect username/password.</arg>
<doc>Verifies that element ``locator`` contains exact the text ``expected``.</doc>
<msg timestamp="20230106 14:04:19.385" level="INFO">Verifying element 'css:.alert-danger' contains exact text 'Incorrect username/password.'.</msg>
<status status="PASS" starttime="20230106 14:04:19.385" endtime="20230106 14:04:19.409"/>
</kw>
<status status="PASS" starttime="20230106 14:04:19.384" endtime="20230106 14:04:19.409"/>
</kw>
<kw name="Close Browser" library="SeleniumLibrary" type="TEARDOWN">
<doc>Closes the current browser.</doc>
<status status="PASS" starttime="20230106 14:04:19.410" endtime="20230106 14:04:21.522"/>
</kw>
<status status="PASS" starttime="20230106 14:04:14.716" endtime="20230106 14:04:21.523"/>
</test>
<doc>To validate the login form</doc>
<status status="PASS" starttime="20230106 14:04:14.454" endtime="20230106 14:04:21.525"/>
</suite>
<suite id="s1-s1-s2" name="Test-02" source="C:\UI-Automation-Robot-framework\TestVault\Test-02.robot">
<test id="s1-s1-s2-t1" name="Validate Unsucessful Login" line="14">
<kw name="open the browser with the Mortage payment url" library="resource" type="SETUP">
<kw name="Create Webdriver" library="SeleniumLibrary">
<arg>Chrome</arg>
<arg>executable_path=../Drivers/chromedriver</arg>
<doc>Creates an instance of Selenium WebDriver.</doc>
<msg timestamp="20230106 14:04:21.539" level="INFO">Creating an instance of the Chrome WebDriver.</msg>
<status status="PASS" starttime="20230106 14:04:21.539" endtime="20230106 14:04:22.693"/>
</kw>
<kw name="Go To" library="SeleniumLibrary">
<arg>${url}</arg>
<doc>Navigates the current browser window to the provided ``url``.</doc>
<msg timestamp="20230106 14:04:22.693" level="INFO">Opening url 'https://rahulshettyacademy.com/loginpagePractise/'</msg>
<status status="PASS" starttime="20230106 14:04:22.693" endtime="20230106 14:04:23.157"/>
</kw>
<status status="PASS" starttime="20230106 14:04:21.539" endtime="20230106 14:04:23.157"/>
</kw>
<kw name="Fill the login Form">
<arg>${username}</arg>
<arg>${invalidpassword}</arg>
<kw name="Input Text" library="SeleniumLibrary">
<arg>id:username</arg>
<arg>${username}</arg>
<doc>Types the given ``text`` into the text field identified by ``locator``.</doc>
<msg timestamp="20230106 14:04:23.158" level="INFO">Typing text 'rahulshettyacademy' into text field 'id:username'.</msg>
<status status="PASS" starttime="20230106 14:04:23.158" endtime="20230106 14:04:23.250"/>
</kw>
<kw name="Input Password" library="SeleniumLibrary">
<arg>id:password</arg>
<arg>${password}</arg>
<doc>Types the given password into the text field identified by ``locator``.</doc>
<msg timestamp="20230106 14:04:23.250" level="INFO">Typing password into text field 'id:password'.</msg>
<msg timestamp="20230106 14:04:23.287" level="INFO">Temporally setting log level to: NONE</msg>
<msg timestamp="20230106 14:04:23.324" level="INFO">Log level changed from NONE to INFO.</msg>
<status status="PASS" starttime="20230106 14:04:23.250" endtime="20230106 14:04:23.324"/>
</kw>
<kw name="Click Button" library="SeleniumLibrary">
<arg>signInBtn</arg>
<doc>Clicks the button identified by ``locator``.</doc>
<msg timestamp="20230106 14:04:23.324" level="INFO">Clicking button 'signInBtn'.</msg>
<status status="PASS" starttime="20230106 14:04:23.324" endtime="20230106 14:04:23.375"/>
</kw>
<kw name="Set Selenium Implicit Wait" library="SeleniumLibrary">
<arg>200</arg>
<doc>Sets the implicit wait value used by Selenium.</doc>
<status status="PASS" starttime="20230106 14:04:23.375" endtime="20230106 14:04:23.376"/>
</kw>
<status status="PASS" starttime="20230106 14:04:23.157" endtime="20230106 14:04:23.376"/>
</kw>
<kw name="wait untill Element is located in the page">
<arg>${error_message_login}</arg>
<kw name="Wait Until Element Is Visible" library="SeleniumLibrary">
<arg>${element}</arg>
<doc>Waits until the element ``locator`` is visible.</doc>
<status status="PASS" starttime="20230106 14:04:23.376" endtime="20230106 14:04:25.572"/>
</kw>
<status status="PASS" starttime="20230106 14:04:23.376" endtime="20230106 14:04:25.572"/>
</kw>
<kw name="verify error message is correct">
<kw name="Element Text Should Be" library="SeleniumLibrary">
<arg>${error_message_login}</arg>
<arg>Incorrect username/password.</arg>
<doc>Verifies that element ``locator`` contains exact the text ``expected``.</doc>
<msg timestamp="20230106 14:04:25.574" level="INFO">Verifying element 'css:.alert-danger' contains exact text 'Incorrect username/password.'.</msg>
<status status="PASS" starttime="20230106 14:04:25.573" endtime="20230106 14:04:25.593"/>
</kw>
<status status="PASS" starttime="20230106 14:04:25.573" endtime="20230106 14:04:25.593"/>
</kw>
<kw name="Close Browser Session" library="resource" type="TEARDOWN">
<kw name="Close Browser" library="SeleniumLibrary">
<doc>Closes the current browser.</doc>
<status status="PASS" starttime="20230106 14:04:25.594" endtime="20230106 14:04:27.817"/>
</kw>
<status status="PASS" starttime="20230106 14:04:25.594" endtime="20230106 14:04:27.817"/>
</kw>
<status status="PASS" starttime="20230106 14:04:21.538" endtime="20230106 14:04:27.818"/>
</test>
<test id="s1-s1-s2-t2" name="Validate Cards display in the Shopping page" line="20">
<kw name="open the browser with the Mortage payment url" library="resource" type="SETUP">
<kw name="Create Webdriver" library="SeleniumLibrary">
<arg>Chrome</arg>
<arg>executable_path=../Drivers/chromedriver</arg>
<doc>Creates an instance of Selenium WebDriver.</doc>
<msg timestamp="20230106 14:04:27.823" level="INFO">Creating an instance of the Chrome WebDriver.</msg>
<status status="PASS" starttime="20230106 14:04:27.822" endtime="20230106 14:04:28.997"/>
</kw>
<kw name="Go To" library="SeleniumLibrary">
<arg>${url}</arg>
<doc>Navigates the current browser window to the provided ``url``.</doc>
<msg timestamp="20230106 14:04:28.998" level="INFO">Opening url 'https://rahulshettyacademy.com/loginpagePractise/'</msg>
<status status="PASS" starttime="20230106 14:04:28.997" endtime="20230106 14:04:29.450"/>
</kw>
<status status="PASS" starttime="20230106 14:04:27.822" endtime="20230106 14:04:29.451"/>
</kw>
<kw name="Fill the login Form">
<arg>${username}</arg>
<arg>${validpassword}</arg>
<kw name="Input Text" library="SeleniumLibrary">
<arg>id:username</arg>
<arg>${username}</arg>
<doc>Types the given ``text`` into the text field identified by ``locator``.</doc>
<msg timestamp="20230106 14:04:29.452" level="INFO">Typing text 'rahulshettyacademy' into text field 'id:username'.</msg>
<status status="PASS" starttime="20230106 14:04:29.451" endtime="20230106 14:04:29.545"/>
</kw>
<kw name="Input Password" library="SeleniumLibrary">
<arg>id:password</arg>
<arg>${password}</arg>
<doc>Types the given password into the text field identified by ``locator``.</doc>
<msg timestamp="20230106 14:04:29.546" level="INFO">Typing password into text field 'id:password'.</msg>
<msg timestamp="20230106 14:04:29.585" level="INFO">Temporally setting log level to: NONE</msg>
<msg timestamp="20230106 14:04:29.624" level="INFO">Log level changed from NONE to INFO.</msg>
<status status="PASS" starttime="20230106 14:04:29.545" endtime="20230106 14:04:29.624"/>
</kw>
<kw name="Click Button" library="SeleniumLibrary">
<arg>signInBtn</arg>
<doc>Clicks the button identified by ``locator``.</doc>
<msg timestamp="20230106 14:04:29.625" level="INFO">Clicking button 'signInBtn'.</msg>
<status status="PASS" starttime="20230106 14:04:29.624" endtime="20230106 14:04:29.676"/>
</kw>
<kw name="Set Selenium Implicit Wait" library="SeleniumLibrary">
<arg>200</arg>
<doc>Sets the implicit wait value used by Selenium.</doc>
<status status="PASS" starttime="20230106 14:04:29.676" endtime="20230106 14:04:29.677"/>
</kw>
<status status="PASS" starttime="20230106 14:04:29.451" endtime="20230106 14:04:29.677"/>
</kw>
<kw name="wait untill Element is located in the page">
<arg>${shop_page_load}</arg>
<kw name="Wait Until Element Is Visible" library="SeleniumLibrary">
<arg>${element}</arg>
<doc>Waits until the element ``locator`` is visible.</doc>
<status status="PASS" starttime="20230106 14:04:29.677" endtime="20230106 14:04:33.203"/>
</kw>
<status status="PASS" starttime="20230106 14:04:29.677" endtime="20230106 14:04:33.203"/>
</kw>
<kw name="Verify card titles in the shop page">
<kw name="Create List" library="BuiltIn">
<var>@{expectedList}</var>
<arg>iphone X</arg>
<arg>Samsung Note 8</arg>
<arg>Nokia Edge</arg>
<arg>Blackberry</arg>
<doc>Returns a list containing given items.</doc>
<msg timestamp="20230106 14:04:33.204" level="INFO">@{expectedList} = [ iphone X | Samsung Note 8 | Nokia Edge | Blackberry ]</msg>
<status status="PASS" starttime="20230106 14:04:33.204" endtime="20230106 14:04:33.204"/>
</kw>
<kw name="Get WebElements" library="SeleniumLibrary">
<var>${elements}</var>
<arg>${mobilePhone}</arg>
<doc>Returns a list of WebElement objects matching the ``locator``.</doc>
<msg timestamp="20230106 14:04:33.213" level="INFO">${elements} = [&lt;selenium.webdriver.remote.webelement.WebElement (session="59c06c04932465e274ab89a035e1a9a8", element="203e0f5f-e17f-4ede-85ea-30a692260556")&gt;, &lt;selenium.webdriver.remote.webelement.WebElement (sessi...</msg>
<status status="PASS" starttime="20230106 14:04:33.204" endtime="20230106 14:04:33.213"/>
</kw>
<kw name="Create List" library="BuiltIn">
<var>@{actualList}</var>
<doc>Returns a list containing given items.</doc>
<msg timestamp="20230106 14:04:33.213" level="INFO">@{actualList} = [ ]</msg>
<status status="PASS" starttime="20230106 14:04:33.213" endtime="20230106 14:04:33.214"/>
</kw>
<for flavor="IN">
<var>${element}</var>
<value>@{elements}</value>
<iter>
<var name="${element}">&lt;selenium.webdriver.remote.webelement.WebElement (session="59c06c04932465e274ab89a035e1a9a8", element="203e0f5f-e17f-4ede-85ea-30a692260556")&gt;</var>
<kw name="Log" library="BuiltIn">
<arg>${element.text}</arg>
<doc>Logs the given message with the given level.</doc>
<msg timestamp="20230106 14:04:33.227" level="INFO">iphone X</msg>
<status status="PASS" starttime="20230106 14:04:33.214" endtime="20230106 14:04:33.227"/>
</kw>
<kw name="Append To List" library="Collections">
<arg>${actualList}</arg>
<arg>${element.text}</arg>
<doc>Adds ``values`` to the end of ``list``.</doc>
<status status="PASS" starttime="20230106 14:04:33.227" endtime="20230106 14:04:33.233"/>
</kw>
<status status="PASS" starttime="20230106 14:04:33.214" endtime="20230106 14:04:33.233"/>
</iter>
<iter>
<var name="${element}">&lt;selenium.webdriver.remote.webelement.WebElement (session="59c06c04932465e274ab89a035e1a9a8", element="ba10bccd-87d3-43dc-8f6f-1478db1251a3")&gt;</var>
<kw name="Log" library="BuiltIn">
<arg>${element.text}</arg>
<doc>Logs the given message with the given level.</doc>
<msg timestamp="20230106 14:04:33.243" level="INFO">Samsung Note 8</msg>
<status status="PASS" starttime="20230106 14:04:33.233" endtime="20230106 14:04:33.243"/>
</kw>
<kw name="Append To List" library="Collections">
<arg>${actualList}</arg>
<arg>${element.text}</arg>
<doc>Adds ``values`` to the end of ``list``.</doc>
<status status="PASS" starttime="20230106 14:04:33.244" endtime="20230106 14:04:33.250"/>
</kw>
<status status="PASS" starttime="20230106 14:04:33.233" endtime="20230106 14:04:33.250"/>
</iter>
<iter>
<var name="${element}">&lt;selenium.webdriver.remote.webelement.WebElement (session="59c06c04932465e274ab89a035e1a9a8", element="875068bd-d3bb-4ef8-a62e-682e6d8f7079")&gt;</var>
<kw name="Log" library="BuiltIn">
<arg>${element.text}</arg>
<doc>Logs the given message with the given level.</doc>
<msg timestamp="20230106 14:04:33.261" level="INFO">Nokia Edge</msg>
<status status="PASS" starttime="20230106 14:04:33.250" endtime="20230106 14:04:33.261"/>
</kw>
<kw name="Append To List" library="Collections">
<arg>${actualList}</arg>
<arg>${element.text}</arg>
<doc>Adds ``values`` to the end of ``list``.</doc>
<status status="PASS" starttime="20230106 14:04:33.261" endtime="20230106 14:04:33.267"/>
</kw>
<status status="PASS" starttime="20230106 14:04:33.250" endtime="20230106 14:04:33.267"/>
</iter>
<iter>
<var name="${element}">&lt;selenium.webdriver.remote.webelement.WebElement (session="59c06c04932465e274ab89a035e1a9a8", element="3d76e6fb-3ef2-4b03-a2ce-68abe145f43e")&gt;</var>
<kw name="Log" library="BuiltIn">
<arg>${element.text}</arg>
<doc>Logs the given message with the given level.</doc>
<msg timestamp="20230106 14:04:33.277" level="INFO">Blackberry</msg>
<status status="PASS" starttime="20230106 14:04:33.268" endtime="20230106 14:04:33.277"/>
</kw>
<kw name="Append To List" library="Collections">
<arg>${actualList}</arg>
<arg>${element.text}</arg>
<doc>Adds ``values`` to the end of ``list``.</doc>
<status status="PASS" starttime="20230106 14:04:33.278" endtime="20230106 14:04:33.284"/>
</kw>
<status status="PASS" starttime="20230106 14:04:33.267" endtime="20230106 14:04:33.284"/>
</iter>
<status status="PASS" starttime="20230106 14:04:33.214" endtime="20230106 14:04:33.284"/>
</for>
<kw name="Lists Should Be Equal" library="Collections">
<arg>${actualList}</arg>
<arg>${expectedList}</arg>
<doc>Fails if given lists are unequal.</doc>
<status status="PASS" starttime="20230106 14:04:33.284" endtime="20230106 14:04:33.284"/>
</kw>
<status status="PASS" starttime="20230106 14:04:33.204" endtime="20230106 14:04:33.284"/>
</kw>
<kw name="Select the Card">
<arg>Blackberry</arg>
<kw name="Get WebElements" library="SeleniumLibrary">
<var>${elements}</var>
<arg>${mobilePhone}</arg>
<doc>Returns a list of WebElement objects matching the ``locator``.</doc>
<msg timestamp="20230106 14:04:33.291" level="INFO">${elements} = [&lt;selenium.webdriver.remote.webelement.WebElement (session="59c06c04932465e274ab89a035e1a9a8", element="203e0f5f-e17f-4ede-85ea-30a692260556")&gt;, &lt;selenium.webdriver.remote.webelement.WebElement (sessi...</msg>
<status status="PASS" starttime="20230106 14:04:33.285" endtime="20230106 14:04:33.291"/>
</kw>
<kw name="Set Variable" library="BuiltIn">
<var>${index}</var>
<arg>1</arg>
<doc>Returns the given values which can then be assigned to a variables.</doc>
<msg timestamp="20230106 14:04:33.291" level="INFO">${index} = 1</msg>
<status status="PASS" starttime="20230106 14:04:33.291" endtime="20230106 14:04:33.291"/>
</kw>
<for flavor="IN">
<var>${element}</var>
<value>@{elements}</value>
<iter>
<var name="${element}">&lt;selenium.webdriver.remote.webelement.WebElement (session="59c06c04932465e274ab89a035e1a9a8", element="203e0f5f-e17f-4ede-85ea-30a692260556")&gt;</var>
<kw name="Exit For Loop If" library="BuiltIn">
<arg>'${cardName}'=='${element.text}'</arg>
<doc>Stops executing the enclosing FOR loop if the ``condition`` is true.</doc>
<status status="PASS" starttime="20230106 14:04:33.291" endtime="20230106 14:04:33.297"/>
</kw>
<kw name="Evaluate" library="BuiltIn">
<var>${index}</var>
<arg>${index}+1</arg>
<doc>Evaluates the given expression in Python and returns the result.</doc>
<msg timestamp="20230106 14:04:33.298" level="INFO">${index} = 2</msg>
<status status="PASS" starttime="20230106 14:04:33.297" endtime="20230106 14:04:33.298"/>
</kw>
<status status="PASS" starttime="20230106 14:04:33.291" endtime="20230106 14:04:33.298"/>
</iter>
<iter>
<var name="${element}">&lt;selenium.webdriver.remote.webelement.WebElement (session="59c06c04932465e274ab89a035e1a9a8", element="ba10bccd-87d3-43dc-8f6f-1478db1251a3")&gt;</var>
<kw name="Exit For Loop If" library="BuiltIn">
<arg>'${cardName}'=='${element.text}'</arg>
<doc>Stops executing the enclosing FOR loop if the ``condition`` is true.</doc>
<status status="PASS" starttime="20230106 14:04:33.298" endtime="20230106 14:04:33.304"/>
</kw>
<kw name="Evaluate" library="BuiltIn">
<var>${index}</var>
<arg>${index}+1</arg>
<doc>Evaluates the given expression in Python and returns the result.</doc>
<msg timestamp="20230106 14:04:33.304" level="INFO">${index} = 3</msg>
<status status="PASS" starttime="20230106 14:04:33.304" endtime="20230106 14:04:33.304"/>
</kw>
<status status="PASS" starttime="20230106 14:04:33.298" endtime="20230106 14:04:33.304"/>
</iter>
<iter>
<var name="${element}">&lt;selenium.webdriver.remote.webelement.WebElement (session="59c06c04932465e274ab89a035e1a9a8", element="875068bd-d3bb-4ef8-a62e-682e6d8f7079")&gt;</var>
<kw name="Exit For Loop If" library="BuiltIn">
<arg>'${cardName}'=='${element.text}'</arg>
<doc>Stops executing the enclosing FOR loop if the ``condition`` is true.</doc>
<status status="PASS" starttime="20230106 14:04:33.304" endtime="20230106 14:04:33.313"/>
</kw>
<kw name="Evaluate" library="BuiltIn">
<var>${index}</var>
<arg>${index}+1</arg>
<doc>Evaluates the given expression in Python and returns the result.</doc>
<msg timestamp="20230106 14:04:33.313" level="INFO">${index} = 4</msg>
<status status="PASS" starttime="20230106 14:04:33.313" endtime="20230106 14:04:33.313"/>
</kw>
<status status="PASS" starttime="20230106 14:04:33.304" endtime="20230106 14:04:33.313"/>
</iter>
<iter>
<var name="${element}">&lt;selenium.webdriver.remote.webelement.WebElement (session="59c06c04932465e274ab89a035e1a9a8", element="3d76e6fb-3ef2-4b03-a2ce-68abe145f43e")&gt;</var>
<kw name="Exit For Loop If" library="BuiltIn">
<arg>'${cardName}'=='${element.text}'</arg>
<doc>Stops executing the enclosing FOR loop if the ``condition`` is true.</doc>
<msg timestamp="20230106 14:04:33.319" level="INFO">Exiting for loop altogether.</msg>
<status status="PASS" starttime="20230106 14:04:33.313" endtime="20230106 14:04:33.319"/>
</kw>
<kw name="Evaluate" library="BuiltIn">
<var>${index}</var>
<arg>${index}+1</arg>
<doc>Evaluates the given expression in Python and returns the result.</doc>
<status status="NOT RUN" starttime="20230106 14:04:33.319" endtime="20230106 14:04:33.319"/>
</kw>
<status status="PASS" starttime="20230106 14:04:33.313" endtime="20230106 14:04:33.319"/>
</iter>
<status status="PASS" starttime="20230106 14:04:33.291" endtime="20230106 14:04:33.319"/>
</for>
<kw name="Click Button" library="SeleniumLibrary">
<arg>xpath:(//*[@class='card-footer'])[${index}]/button</arg>
<doc>Clicks the button identified by ``locator``.</doc>
<msg timestamp="20230106 14:04:33.320" level="INFO">Clicking button 'xpath:(//*[@class='card-footer'])[4]/button'.</msg>
<status status="PASS" starttime="20230106 14:04:33.320" endtime="20230106 14:04:33.367"/>
</kw>
<status status="PASS" starttime="20230106 14:04:33.285" endtime="20230106 14:04:33.368"/>
</kw>
<kw name="Close Browser Session" library="resource" type="TEARDOWN">
<kw name="Close Browser" library="SeleniumLibrary">
<doc>Closes the current browser.</doc>
<status status="PASS" starttime="20230106 14:04:33.368" endtime="20230106 14:04:35.499"/>
</kw>
<status status="PASS" starttime="20230106 14:04:33.368" endtime="20230106 14:04:35.499"/>
</kw>
<status status="PASS" starttime="20230106 14:04:27.821" endtime="20230106 14:04:35.500"/>
</test>
<test id="s1-s1-s2-t3" name="Fill up a form" line="27">
<kw name="open the browser with the Mortage payment url" library="resource" type="SETUP">
<kw name="Create Webdriver" library="SeleniumLibrary">
<arg>Chrome</arg>
<arg>executable_path=../Drivers/chromedriver</arg>
<doc>Creates an instance of Selenium WebDriver.</doc>
<msg timestamp="20230106 14:04:35.503" level="INFO">Creating an instance of the Chrome WebDriver.</msg>
<status status="PASS" starttime="20230106 14:04:35.503" endtime="20230106 14:04:36.666"/>
</kw>
<kw name="Go To" library="SeleniumLibrary">
<arg>${url}</arg>
<doc>Navigates the current browser window to the provided ``url``.</doc>
<msg timestamp="20230106 14:04:36.666" level="INFO">Opening url 'https://rahulshettyacademy.com/loginpagePractise/'</msg>
<status status="PASS" starttime="20230106 14:04:36.666" endtime="20230106 14:04:38.259"/>
</kw>
<status status="PASS" starttime="20230106 14:04:35.503" endtime="20230106 14:04:38.260"/>
</kw>
<kw name="Fill the login details and select the user option">
<arg>${username}</arg>
<arg>${invalidpassword}</arg>
<kw name="Input Text" library="SeleniumLibrary">
<arg>id:username</arg>
<arg>${username}</arg>
<doc>Types the given ``text`` into the text field identified by ``locator``.</doc>
<msg timestamp="20230106 14:04:38.261" level="INFO">Typing text 'rahulshettyacademy' into text field 'id:username'.</msg>
<status status="PASS" starttime="20230106 14:04:38.260" endtime="20230106 14:04:38.357"/>
</kw>
<kw name="Input Password" library="SeleniumLibrary">
<arg>id:password</arg>
<arg>${password}</arg>
<doc>Types the given password into the text field identified by ``locator``.</doc>
<msg timestamp="20230106 14:04:38.358" level="INFO">Typing password into text field 'id:password'.</msg>
<msg timestamp="20230106 14:04:38.398" level="INFO">Temporally setting log level to: NONE</msg>
<msg timestamp="20230106 14:04:38.434" level="INFO">Log level changed from NONE to INFO.</msg>
<status status="PASS" starttime="20230106 14:04:38.358" endtime="20230106 14:04:38.434"/>
</kw>
<kw name="Click Button" library="SeleniumLibrary">
<arg>css:input[value='user']</arg>
<doc>Clicks the button identified by ``locator``.</doc>
<msg timestamp="20230106 14:04:38.434" level="INFO">Clicking button 'css:input[value='user']'.</msg>
<status status="PASS" starttime="20230106 14:04:38.434" endtime="20230106 14:04:38.483"/>
</kw>
<kw name="Wait Until Element Is Visible" library="SeleniumLibrary">
<arg>css:.modal-body</arg>
<doc>Waits until the element ``locator`` is visible.</doc>
<status status="PASS" starttime="20230106 14:04:38.483" endtime="20230106 14:04:38.726"/>
</kw>
<kw name="Click Button" library="SeleniumLibrary">
<arg>id:okayBtn</arg>
<doc>Clicks the button identified by ``locator``.</doc>
<msg timestamp="20230106 14:04:38.727" level="INFO">Clicking button 'id:okayBtn'.</msg>
<status status="PASS" starttime="20230106 14:04:38.727" endtime="20230106 14:04:38.777"/>
</kw>
<kw name="Click Button" library="SeleniumLibrary">
<arg>id:okayBtn</arg>
<doc>Clicks the button identified by ``locator``.</doc>
<msg timestamp="20230106 14:04:38.777" level="INFO">Clicking button 'id:okayBtn'.</msg>
<status status="PASS" starttime="20230106 14:04:38.777" endtime="20230106 14:04:38.811"/>
</kw>
<kw name="Wait Until Element Is Not Visible" library="SeleniumLibrary">
<arg>css:.modal-body</arg>
<doc>Waits until the element ``locator`` is not visible.</doc>
<status status="PASS" starttime="20230106 14:04:38.811" endtime="20230106 14:04:39.041"/>
</kw>
<kw name="Select From List By Value" library="SeleniumLibrary">
<arg>css:select[class='form-control']</arg>
<arg>teach</arg>
<doc>Selects options from selection list ``locator`` by ``values``.</doc>
<msg timestamp="20230106 14:04:39.041" level="INFO">Selecting options from selection list 'css:select[class='form-control']' by value teach.</msg>
<status status="PASS" starttime="20230106 14:04:39.041" endtime="20230106 14:04:39.106"/>
</kw>
<kw name="Select Checkbox" library="SeleniumLibrary">
<arg>terms</arg>
<doc>Selects the checkbox identified by ``locator``.</doc>
<msg timestamp="20230106 14:04:39.107" level="INFO">Selecting checkbox 'terms'.</msg>
<status status="PASS" starttime="20230106 14:04:39.106" endtime="20230106 14:04:39.159"/>
</kw>
<kw name="Checkbox Should Be Selected" library="SeleniumLibrary">
<arg>terms</arg>
<doc>Verifies checkbox ``locator`` is selected/checked.</doc>
<msg timestamp="20230106 14:04:39.159" level="INFO">Verifying checkbox 'terms' is selected.</msg>
<status status="PASS" starttime="20230106 14:04:39.159" endtime="20230106 14:04:39.173"/>
</kw>
<status status="PASS" starttime="20230106 14:04:38.260" endtime="20230106 14:04:39.173"/>
</kw>
<kw name="Close Browser Session" library="resource" type="TEARDOWN">
<kw name="Close Browser" library="SeleniumLibrary">
<doc>Closes the current browser.</doc>
<status status="PASS" starttime="20230106 14:04:39.174" endtime="20230106 14:04:41.278"/>
</kw>
<status status="PASS" starttime="20230106 14:04:39.173" endtime="20230106 14:04:41.279"/>
</kw>
<status status="PASS" starttime="20230106 14:04:35.502" endtime="20230106 14:04:41.280"/>
</test>
<doc>To validate the login form</doc>
<status status="PASS" starttime="20230106 14:04:21.526" endtime="20230106 14:04:41.283"/>
</suite>
<suite id="s1-s1-s3" name="Test-03" source="C:\UI-Automation-Robot-framework\TestVault\Test-03.robot">
<test id="s1-s1-s3-t1" name="Validate Child window Functionality" line="13">
<kw name="open the browser with the Mortage payment url" library="resource" type="SETUP">
<kw name="Create Webdriver" library="SeleniumLibrary">
<arg>Chrome</arg>
<arg>executable_path=../Drivers/chromedriver</arg>
<doc>Creates an instance of Selenium WebDriver.</doc>
<msg timestamp="20230106 14:04:41.300" level="INFO">Creating an instance of the Chrome WebDriver.</msg>
<status status="PASS" starttime="20230106 14:04:41.300" endtime="20230106 14:04:42.512"/>
</kw>
<kw name="Go To" library="SeleniumLibrary">
<arg>${url}</arg>
<doc>Navigates the current browser window to the provided ``url``.</doc>
<msg timestamp="20230106 14:04:42.513" level="INFO">Opening url 'https://rahulshettyacademy.com/loginpagePractise/'</msg>
<status status="PASS" starttime="20230106 14:04:42.512" endtime="20230106 14:04:42.953"/>
</kw>
<status status="PASS" starttime="20230106 14:04:41.300" endtime="20230106 14:04:42.953"/>
</kw>
<kw name="Select the link of child window">
<kw name="Click Element" library="SeleniumLibrary">
<arg>css:.blinkingText</arg>
<doc>Click the element identified by ``locator``.</doc>
<msg timestamp="20230106 14:04:42.955" level="INFO">Clicking element 'css:.blinkingText'.</msg>
<status status="PASS" starttime="20230106 14:04:42.954" endtime="20230106 14:04:43.020"/>
</kw>
<kw name="Sleep" library="BuiltIn">
<arg>5</arg>
<doc>Pauses the test executed for the given time.</doc>
<msg timestamp="20230106 14:04:48.022" level="INFO">Slept 5 seconds</msg>
<status status="PASS" starttime="20230106 14:04:43.020" endtime="20230106 14:04:48.022"/>
</kw>
<status status="PASS" starttime="20230106 14:04:42.954" endtime="20230106 14:04:48.022"/>
</kw>
<kw name="Verify that sucessfully navigated child window">
<kw name="Switch Window" library="SeleniumLibrary">
<arg>New</arg>
<doc>Switches to browser window matching ``locator``.</doc>
<status status="PASS" starttime="20230106 14:04:48.023" endtime="20230106 14:04:48.039"/>
</kw>
<kw name="Element Text Should Be" library="SeleniumLibrary">
<arg>css:h1</arg>
<arg>DOCUMENTS REQUEST</arg>
<doc>Verifies that element ``locator`` contains exact the text ``expected``.</doc>
<msg timestamp="20230106 14:04:48.040" level="INFO">Verifying element 'css:h1' contains exact text 'DOCUMENTS REQUEST'.</msg>
<status status="PASS" starttime="20230106 14:04:48.039" endtime="20230106 14:04:48.059"/>
</kw>
<status status="PASS" starttime="20230106 14:04:48.022" endtime="20230106 14:04:48.059"/>
</kw>
<kw name="Grab the Email id">
<kw name="Get Text" library="SeleniumLibrary">
<var>${text}</var>
<arg>css:.red</arg>
<doc>Returns the text value of the element identified by ``locator``.</doc>
<msg timestamp="20230106 14:04:48.080" level="INFO">${text} = Please email us at mentor@rahulshettyacademy.com with below template to receive response</msg>
<status status="PASS" starttime="20230106 14:04:48.060" endtime="20230106 14:04:48.080"/>
</kw>
<kw name="Split String" library="String">
<var>@{words}</var>
<arg>${text}</arg>
<arg>at</arg>
<doc>Splits the ``string`` using ``separator`` as a delimiter string.</doc>
<msg timestamp="20230106 14:04:48.081" level="INFO">@{words} = [ Please email us  |  mentor@rahulshettyacademy.com with below templ | e to receive response ]</msg>
<status status="PASS" starttime="20230106 14:04:48.080" endtime="20230106 14:04:48.081"/>
</kw>
<kw name="Get From List" library="Collections">
<var>${text_split}</var>
<arg>${words}</arg>
<arg>1</arg>
<doc>Returns the value specified with an ``index`` from ``list``.</doc>
<msg timestamp="20230106 14:04:48.081" level="INFO">${text_split} =  mentor@rahulshettyacademy.com with below templ</msg>
<status status="PASS" starttime="20230106 14:04:48.081" endtime="20230106 14:04:48.081"/>
</kw>
<kw name="Log" library="BuiltIn">
<arg>${text_split}</arg>
<doc>Logs the given message with the given level.</doc>
<msg timestamp="20230106 14:04:48.081" level="INFO"> mentor@rahulshettyacademy.com with below templ</msg>
<status status="PASS" starttime="20230106 14:04:48.081" endtime="20230106 14:04:48.081"/>
</kw>
<kw name="Split String" library="String">
<var>@{words_2}</var>
<arg>${text_split}</arg>
<doc>Splits the ``string`` using ``separator`` as a delimiter string.</doc>
<msg timestamp="20230106 14:04:48.081" level="INFO">@{words_2} = [ mentor@rahulshettyacademy.com | with | below | templ ]</msg>
<status status="PASS" starttime="20230106 14:04:48.081" endtime="20230106 14:04:48.081"/>
</kw>
<kw name="Get From List" library="Collections">
<var>${email}</var>
<arg>${words_2}</arg>
<arg>0</arg>
<doc>Returns the value specified with an ``index`` from ``list``.</doc>
<msg timestamp="20230106 14:04:48.081" level="INFO">${email} = mentor@rahulshettyacademy.com</msg>
<status status="PASS" starttime="20230106 14:04:48.081" endtime="20230106 14:04:48.081"/>
</kw>
<kw name="Set Global Variable" library="BuiltIn">
<arg>${email}</arg>
<doc>Makes a variable available globally in all tests and suites.</doc>
<msg timestamp="20230106 14:04:48.081" level="INFO">${email} = mentor@rahulshettyacademy.com</msg>
<status status="PASS" starttime="20230106 14:04:48.081" endtime="20230106 14:04:48.082"/>
</kw>
<status status="PASS" starttime="20230106 14:04:48.060" endtime="20230106 14:04:48.082"/>
</kw>
<kw name="Switch back to parent window">
<kw name="Switch Window" library="SeleniumLibrary">
<arg>Main</arg>
<doc>Switches to browser window matching ``locator``.</doc>
<status status="PASS" starttime="20230106 14:04:48.082" endtime="20230106 14:04:48.097"/>
</kw>
<kw name="Title Should Be" library="SeleniumLibrary">
<arg>LoginPage Practise | Rahul Shetty Academy</arg>
<doc>Verifies that the current page title equals ``title``.</doc>
<msg timestamp="20230106 14:04:48.105" level="INFO">Page title is 'LoginPage Practise | Rahul Shetty Academy'.</msg>
<status status="PASS" starttime="20230106 14:04:48.097" endtime="20230106 14:04:48.106"/>
</kw>
<kw name="Input Text" library="SeleniumLibrary">
<arg>id:username</arg>
<arg>${email}</arg>
<doc>Types the given ``text`` into the text field identified by ``locator``.</doc>
<msg timestamp="20230106 14:04:48.107" level="INFO">Typing text 'mentor@rahulshettyacademy.com' into text field 'id:username'.</msg>
<status status="PASS" starttime="20230106 14:04:48.106" endtime="20230106 14:04:48.208"/>
</kw>
<status status="PASS" starttime="20230106 14:04:48.082" endtime="20230106 14:04:48.208"/>
</kw>
<kw name="Close Browser Session" library="resource" type="TEARDOWN">
<kw name="Close Browser" library="SeleniumLibrary">
<doc>Closes the current browser.</doc>
<status status="PASS" starttime="20230106 14:04:48.209" endtime="20230106 14:04:50.495"/>
</kw>
<status status="PASS" starttime="20230106 14:04:48.209" endtime="20230106 14:04:50.495"/>
</kw>
<status status="PASS" starttime="20230106 14:04:41.299" endtime="20230106 14:04:50.496"/>
</test>
<doc>To validate the login form</doc>
<status status="PASS" starttime="20230106 14:04:41.286" endtime="20230106 14:04:50.499"/>
</suite>
<suite id="s1-s1-s4" name="Test-04" source="C:\UI-Automation-Robot-framework\TestVault\Test-04.robot">
<test id="s1-s1-s4-t1" name="Invalid username" line="14">
<kw name="Validate UnSuccesful Login">
<arg>dsahed</arg>
<arg>learning</arg>
<kw name="open the browser with the Mortgage payment url">
<kw name="Create Webdriver" library="SeleniumLibrary">
<arg>Chrome</arg>
<arg>executable_path=/Users/rahulshetty/Documents/chromedriver</arg>
<doc>Creates an instance of Selenium WebDriver.</doc>
<msg timestamp="20230106 14:04:50.510" level="INFO">Creating an instance of the Chrome WebDriver.</msg>
<status status="PASS" starttime="20230106 14:04:50.509" endtime="20230106 14:04:51.704"/>
</kw>
<kw name="Go To" library="SeleniumLibrary">
<arg>https://rahulshettyacademy.com/loginpagePractise/</arg>
<doc>Navigates the current browser window to the provided ``url``.</doc>
<msg timestamp="20230106 14:04:51.704" level="INFO">Opening url 'https://rahulshettyacademy.com/loginpagePractise/'</msg>
<status status="PASS" starttime="20230106 14:04:51.704" endtime="20230106 14:04:52.120"/>
</kw>
<status status="PASS" starttime="20230106 14:04:50.509" endtime="20230106 14:04:52.120"/>
</kw>
<kw name="Fill the login Form">
<arg>${username}</arg>
<arg>${password}</arg>
<kw name="Input Text" library="SeleniumLibrary">
<arg>id:username</arg>
<arg>${username}</arg>
<doc>Types the given ``text`` into the text field identified by ``locator``.</doc>
<msg timestamp="20230106 14:04:52.121" level="INFO">Typing text 'dsahed' into text field 'id:username'.</msg>
<status status="PASS" starttime="20230106 14:04:52.120" endtime="20230106 14:04:52.213"/>
</kw>
<kw name="Input Password" library="SeleniumLibrary">
<arg>id:password</arg>
<arg>${password}</arg>
<doc>Types the given password into the text field identified by ``locator``.</doc>
<msg timestamp="20230106 14:04:52.214" level="INFO">Typing password into text field 'id:password'.</msg>
<msg timestamp="20230106 14:04:52.256" level="INFO">Temporally setting log level to: NONE</msg>
<msg timestamp="20230106 14:04:52.292" level="INFO">Log level changed from NONE to INFO.</msg>
<status status="PASS" starttime="20230106 14:04:52.213" endtime="20230106 14:04:52.293"/>
</kw>
<kw name="Click Button" library="SeleniumLibrary">
<arg>signInBtn</arg>
<doc>Clicks the button identified by ``locator``.</doc>
<msg timestamp="20230106 14:04:52.294" level="INFO">Clicking button 'signInBtn'.</msg>
<status status="PASS" starttime="20230106 14:04:52.293" endtime="20230106 14:04:52.343"/>
</kw>
<status status="PASS" starttime="20230106 14:04:52.120" endtime="20230106 14:04:52.343"/>
</kw>
<kw name="wait until it checks and display error message">
<kw name="Wait Until Element Is Visible" library="SeleniumLibrary">
<arg>${Error_Message_Login}</arg>
<doc>Waits until the element ``locator`` is visible.</doc>
<status status="PASS" starttime="20230106 14:04:52.343" endtime="20230106 14:04:54.355"/>
</kw>
<status status="PASS" starttime="20230106 14:04:52.343" endtime="20230106 14:04:54.355"/>
</kw>
<kw name="verify error message is correct">
<kw name="Get Text" library="SeleniumLibrary">
<var>${result}</var>
<arg>${Error_Message_Login}</arg>
<doc>Returns the text value of the element identified by ``locator``.</doc>
<msg timestamp="20230106 14:04:54.381" level="INFO">${result} = Incorrect username/password.</msg>
<status status="PASS" starttime="20230106 14:04:54.355" endtime="20230106 14:04:54.381"/>
</kw>
<kw name="Should Be Equal As Strings" library="BuiltIn">
<arg>${result}</arg>
<arg>Incorrect username/password.</arg>
<doc>Fails if objects are unequal after converting them to strings.</doc>
<status status="PASS" starttime="20230106 14:04:54.381" endtime="20230106 14:04:54.381"/>
</kw>
<kw name="Element Text Should Be" library="SeleniumLibrary">
<arg>${Error_Message_Login}</arg>
<arg>Incorrect username/password.</arg>
<doc>Verifies that element ``locator`` contains exact the text ``expected``.</doc>
<msg timestamp="20230106 14:04:54.382" level="INFO">Verifying element 'css:.alert-danger' contains exact text 'Incorrect username/password.'.</msg>
<status status="PASS" starttime="20230106 14:04:54.381" endtime="20230106 14:04:54.397"/>
</kw>
<status status="PASS" starttime="20230106 14:04:54.355" endtime="20230106 14:04:54.397"/>
</kw>
<status status="PASS" starttime="20230106 14:04:50.509" endtime="20230106 14:04:54.397"/>
</kw>
<kw name="Close Browser" library="SeleniumLibrary" type="TEARDOWN">
<doc>Closes the current browser.</doc>
<status status="PASS" starttime="20230106 14:04:54.399" endtime="20230106 14:04:57.346"/>
</kw>
<status status="PASS" starttime="20230106 14:04:50.509" endtime="20230106 14:04:57.347"/>
</test>
<test id="s1-s1-s4-t2" name="Invalid password" line="15">
<kw name="Validate UnSuccesful Login">
<arg>rahulshetty</arg>
<arg>ploudfg</arg>
<kw name="open the browser with the Mortgage payment url">
<kw name="Create Webdriver" library="SeleniumLibrary">
<arg>Chrome</arg>
<arg>executable_path=/Users/rahulshetty/Documents/chromedriver</arg>
<doc>Creates an instance of Selenium WebDriver.</doc>
<msg timestamp="20230106 14:04:57.352" level="INFO">Creating an instance of the Chrome WebDriver.</msg>
<status status="PASS" starttime="20230106 14:04:57.352" endtime="20230106 14:04:58.553"/>
</kw>
<kw name="Go To" library="SeleniumLibrary">
<arg>https://rahulshettyacademy.com/loginpagePractise/</arg>
<doc>Navigates the current browser window to the provided ``url``.</doc>
<msg timestamp="20230106 14:04:58.554" level="INFO">Opening url 'https://rahulshettyacademy.com/loginpagePractise/'</msg>
<status status="PASS" starttime="20230106 14:04:58.553" endtime="20230106 14:04:58.993"/>
</kw>
<status status="PASS" starttime="20230106 14:04:57.351" endtime="20230106 14:04:58.993"/>
</kw>
<kw name="Fill the login Form">
<arg>${username}</arg>
<arg>${password}</arg>
<kw name="Input Text" library="SeleniumLibrary">
<arg>id:username</arg>
<arg>${username}</arg>
<doc>Types the given ``text`` into the text field identified by ``locator``.</doc>
<msg timestamp="20230106 14:04:58.994" level="INFO">Typing text 'rahulshetty' into text field 'id:username'.</msg>
<status status="PASS" starttime="20230106 14:04:58.994" endtime="20230106 14:04:59.096"/>
</kw>
<kw name="Input Password" library="SeleniumLibrary">
<arg>id:password</arg>
<arg>${password}</arg>
<doc>Types the given password into the text field identified by ``locator``.</doc>
<msg timestamp="20230106 14:04:59.096" level="INFO">Typing password into text field 'id:password'.</msg>
<msg timestamp="20230106 14:04:59.140" level="INFO">Temporally setting log level to: NONE</msg>
<msg timestamp="20230106 14:04:59.174" level="INFO">Log level changed from NONE to INFO.</msg>
<status status="PASS" starttime="20230106 14:04:59.096" endtime="20230106 14:04:59.175"/>
</kw>
<kw name="Click Button" library="SeleniumLibrary">
<arg>signInBtn</arg>
<doc>Clicks the button identified by ``locator``.</doc>
<msg timestamp="20230106 14:04:59.175" level="INFO">Clicking button 'signInBtn'.</msg>
<status status="PASS" starttime="20230106 14:04:59.175" endtime="20230106 14:04:59.221"/>
</kw>
<status status="PASS" starttime="20230106 14:04:58.993" endtime="20230106 14:04:59.222"/>
</kw>
<kw name="wait until it checks and display error message">
<kw name="Wait Until Element Is Visible" library="SeleniumLibrary">
<arg>${Error_Message_Login}</arg>
<doc>Waits until the element ``locator`` is visible.</doc>
<status status="PASS" starttime="20230106 14:04:59.222" endtime="20230106 14:05:01.224"/>
</kw>
<status status="PASS" starttime="20230106 14:04:59.222" endtime="20230106 14:05:01.224"/>
</kw>
<kw name="verify error message is correct">
<kw name="Get Text" library="SeleniumLibrary">
<var>${result}</var>
<arg>${Error_Message_Login}</arg>
<doc>Returns the text value of the element identified by ``locator``.</doc>
<msg timestamp="20230106 14:05:01.248" level="INFO">${result} = Incorrect username/password.</msg>
<status status="PASS" starttime="20230106 14:05:01.224" endtime="20230106 14:05:01.248"/>
</kw>
<kw name="Should Be Equal As Strings" library="BuiltIn">
<arg>${result}</arg>
<arg>Incorrect username/password.</arg>
<doc>Fails if objects are unequal after converting them to strings.</doc>
<status status="PASS" starttime="20230106 14:05:01.248" endtime="20230106 14:05:01.248"/>
</kw>
<kw name="Element Text Should Be" library="SeleniumLibrary">
<arg>${Error_Message_Login}</arg>
<arg>Incorrect username/password.</arg>
<doc>Verifies that element ``locator`` contains exact the text ``expected``.</doc>
<msg timestamp="20230106 14:05:01.248" level="INFO">Verifying element 'css:.alert-danger' contains exact text 'Incorrect username/password.'.</msg>
<status status="PASS" starttime="20230106 14:05:01.248" endtime="20230106 14:05:01.263"/>
</kw>
<status status="PASS" starttime="20230106 14:05:01.224" endtime="20230106 14:05:01.263"/>
</kw>
<status status="PASS" starttime="20230106 14:04:57.351" endtime="20230106 14:05:01.263"/>
</kw>
<kw name="Close Browser" library="SeleniumLibrary" type="TEARDOWN">
<doc>Closes the current browser.</doc>
<status status="PASS" starttime="20230106 14:05:01.264" endtime="20230106 14:05:04.125"/>
</kw>
<status status="PASS" starttime="20230106 14:04:57.350" endtime="20230106 14:05:04.125"/>
</test>
<test id="s1-s1-s4-t3" name="special characters" line="16">
<kw name="Validate UnSuccesful Login">
<arg>@#$</arg>
<arg>learning</arg>
<kw name="open the browser with the Mortgage payment url">
<kw name="Create Webdriver" library="SeleniumLibrary">
<arg>Chrome</arg>
<arg>executable_path=/Users/rahulshetty/Documents/chromedriver</arg>
<doc>Creates an instance of Selenium WebDriver.</doc>
<msg timestamp="20230106 14:05:04.129" level="INFO">Creating an instance of the Chrome WebDriver.</msg>
<status status="PASS" starttime="20230106 14:05:04.129" endtime="20230106 14:05:05.331"/>
</kw>
<kw name="Go To" library="SeleniumLibrary">
<arg>https://rahulshettyacademy.com/loginpagePractise/</arg>
<doc>Navigates the current browser window to the provided ``url``.</doc>
<msg timestamp="20230106 14:05:05.332" level="INFO">Opening url 'https://rahulshettyacademy.com/loginpagePractise/'</msg>
<status status="PASS" starttime="20230106 14:05:05.332" endtime="20230106 14:05:06.049"/>
</kw>
<status status="PASS" starttime="20230106 14:05:04.129" endtime="20230106 14:05:06.049"/>
</kw>
<kw name="Fill the login Form">
<arg>${username}</arg>
<arg>${password}</arg>
<kw name="Input Text" library="SeleniumLibrary">
<arg>id:username</arg>
<arg>${username}</arg>
<doc>Types the given ``text`` into the text field identified by ``locator``.</doc>
<msg timestamp="20230106 14:05:06.050" level="INFO">Typing text '@#$' into text field 'id:username'.</msg>
<status status="PASS" starttime="20230106 14:05:06.050" endtime="20230106 14:05:06.131"/>
</kw>
<kw name="Input Password" library="SeleniumLibrary">
<arg>id:password</arg>
<arg>${password}</arg>
<doc>Types the given password into the text field identified by ``locator``.</doc>
<msg timestamp="20230106 14:05:06.132" level="INFO">Typing password into text field 'id:password'.</msg>
<msg timestamp="20230106 14:05:06.169" level="INFO">Temporally setting log level to: NONE</msg>
<msg timestamp="20230106 14:05:06.207" level="INFO">Log level changed from NONE to INFO.</msg>
<status status="PASS" starttime="20230106 14:05:06.131" endtime="20230106 14:05:06.207"/>
</kw>
<kw name="Click Button" library="SeleniumLibrary">
<arg>signInBtn</arg>
<doc>Clicks the button identified by ``locator``.</doc>
<msg timestamp="20230106 14:05:06.207" level="INFO">Clicking button 'signInBtn'.</msg>
<status status="PASS" starttime="20230106 14:05:06.207" endtime="20230106 14:05:06.253"/>
</kw>
<status status="PASS" starttime="20230106 14:05:06.049" endtime="20230106 14:05:06.253"/>
</kw>
<kw name="wait until it checks and display error message">
<kw name="Wait Until Element Is Visible" library="SeleniumLibrary">
<arg>${Error_Message_Login}</arg>
<doc>Waits until the element ``locator`` is visible.</doc>
<status status="PASS" starttime="20230106 14:05:06.253" endtime="20230106 14:05:08.256"/>
</kw>
<status status="PASS" starttime="20230106 14:05:06.253" endtime="20230106 14:05:08.256"/>
</kw>
<kw name="verify error message is correct">
<kw name="Get Text" library="SeleniumLibrary">
<var>${result}</var>
<arg>${Error_Message_Login}</arg>
<doc>Returns the text value of the element identified by ``locator``.</doc>
<msg timestamp="20230106 14:05:08.278" level="INFO">${result} = Incorrect username/password.</msg>
<status status="PASS" starttime="20230106 14:05:08.256" endtime="20230106 14:05:08.278"/>
</kw>
<kw name="Should Be Equal As Strings" library="BuiltIn">
<arg>${result}</arg>
<arg>Incorrect username/password.</arg>
<doc>Fails if objects are unequal after converting them to strings.</doc>
<status status="PASS" starttime="20230106 14:05:08.278" endtime="20230106 14:05:08.279"/>
</kw>
<kw name="Element Text Should Be" library="SeleniumLibrary">
<arg>${Error_Message_Login}</arg>
<arg>Incorrect username/password.</arg>
<doc>Verifies that element ``locator`` contains exact the text ``expected``.</doc>
<msg timestamp="20230106 14:05:08.280" level="INFO">Verifying element 'css:.alert-danger' contains exact text 'Incorrect username/password.'.</msg>
<status status="PASS" starttime="20230106 14:05:08.279" endtime="20230106 14:05:08.296"/>
</kw>
<status status="PASS" starttime="20230106 14:05:08.256" endtime="20230106 14:05:08.296"/>
</kw>
<status status="PASS" starttime="20230106 14:05:04.128" endtime="20230106 14:05:08.296"/>
</kw>
<kw name="Close Browser" library="SeleniumLibrary" type="TEARDOWN">
<doc>Closes the current browser.</doc>
<status status="PASS" starttime="20230106 14:05:08.297" endtime="20230106 14:05:11.177"/>
</kw>
<status status="PASS" starttime="20230106 14:05:04.128" endtime="20230106 14:05:11.177"/>
</test>
<doc>To validate the Login form</doc>
<status status="PASS" starttime="20230106 14:04:50.503" endtime="20230106 14:05:11.179"/>
</suite>
<suite id="s1-s1-s5" name="Test-05" source="C:\UI-Automation-Robot-framework\TestVault\Test-05.robot">
<test id="s1-s1-s5-t1" name="Invalid username" line="13">
<kw name="Validate UnSuccesful Login">
<arg>dsahed</arg>
<arg>learning</arg>
<kw name="open the browser with the Mortgage payment url">
<kw name="Create Webdriver" library="SeleniumLibrary">
<arg>Chrome</arg>
<arg>executable_path=/Users/rahulshetty/Documents/chromedriver</arg>
<doc>Creates an instance of Selenium WebDriver.</doc>
<msg timestamp="20230106 14:05:11.212" level="INFO">Creating an instance of the Chrome WebDriver.</msg>
<status status="PASS" starttime="20230106 14:05:11.211" endtime="20230106 14:05:12.380"/>
</kw>
<kw name="Go To" library="SeleniumLibrary">
<arg>https://rahulshettyacademy.com/loginpagePractise/</arg>
<doc>Navigates the current browser window to the provided ``url``.</doc>
<msg timestamp="20230106 14:05:12.380" level="INFO">Opening url 'https://rahulshettyacademy.com/loginpagePractise/'</msg>
<status status="PASS" starttime="20230106 14:05:12.380" endtime="20230106 14:05:12.799"/>
</kw>
<status status="PASS" starttime="20230106 14:05:11.211" endtime="20230106 14:05:12.799"/>
</kw>
<kw name="Fill the login Form">
<arg>${username}</arg>
<arg>${password}</arg>
<kw name="Input Text" library="SeleniumLibrary">
<arg>id:username</arg>
<arg>${username}</arg>
<doc>Types the given ``text`` into the text field identified by ``locator``.</doc>
<msg timestamp="20230106 14:05:12.799" level="INFO">Typing text 'dsahed' into text field 'id:username'.</msg>
<status status="PASS" starttime="20230106 14:05:12.799" endtime="20230106 14:05:12.880"/>
</kw>
<kw name="Input Password" library="SeleniumLibrary">
<arg>id:password</arg>
<arg>${password}</arg>
<doc>Types the given password into the text field identified by ``locator``.</doc>
<msg timestamp="20230106 14:05:12.880" level="INFO">Typing password into text field 'id:password'.</msg>
<msg timestamp="20230106 14:05:12.915" level="INFO">Temporally setting log level to: NONE</msg>
<msg timestamp="20230106 14:05:12.952" level="INFO">Log level changed from NONE to INFO.</msg>
<status status="PASS" starttime="20230106 14:05:12.880" endtime="20230106 14:05:12.952"/>
</kw>
<kw name="Click Button" library="SeleniumLibrary">
<arg>signInBtn</arg>
<doc>Clicks the button identified by ``locator``.</doc>
<msg timestamp="20230106 14:05:12.952" level="INFO">Clicking button 'signInBtn'.</msg>
<status status="PASS" starttime="20230106 14:05:12.952" endtime="20230106 14:05:13.001"/>
</kw>
<status status="PASS" starttime="20230106 14:05:12.799" endtime="20230106 14:05:13.001"/>
</kw>
<kw name="wait until it checks and display error message">
<kw name="Wait Until Element Is Visible" library="SeleniumLibrary">
<arg>${Error_Message_Login}</arg>
<doc>Waits until the element ``locator`` is visible.</doc>
<status status="PASS" starttime="20230106 14:05:13.001" endtime="20230106 14:05:15.199"/>
</kw>
<status status="PASS" starttime="20230106 14:05:13.001" endtime="20230106 14:05:15.199"/>
</kw>
<kw name="verify error message is correct">
<kw name="Get Text" library="SeleniumLibrary">
<var>${result}</var>
<arg>${Error_Message_Login}</arg>
<doc>Returns the text value of the element identified by ``locator``.</doc>
<msg timestamp="20230106 14:05:15.218" level="INFO">${result} = Incorrect username/password.</msg>
<status status="PASS" starttime="20230106 14:05:15.200" endtime="20230106 14:05:15.218"/>
</kw>
<kw name="Should Be Equal As Strings" library="BuiltIn">
<arg>${result}</arg>
<arg>Incorrect username/password.</arg>
<doc>Fails if objects are unequal after converting them to strings.</doc>
<status status="PASS" starttime="20230106 14:05:15.218" endtime="20230106 14:05:15.218"/>
</kw>
<kw name="Element Text Should Be" library="SeleniumLibrary">
<arg>${Error_Message_Login}</arg>
<arg>Incorrect username/password.</arg>
<doc>Verifies that element ``locator`` contains exact the text ``expected``.</doc>
<msg timestamp="20230106 14:05:15.219" level="INFO">Verifying element 'css:.alert-danger' contains exact text 'Incorrect username/password.'.</msg>
<status status="PASS" starttime="20230106 14:05:15.218" endtime="20230106 14:05:15.229"/>
</kw>
<status status="PASS" starttime="20230106 14:05:15.199" endtime="20230106 14:05:15.229"/>
</kw>
<status status="PASS" starttime="20230106 14:05:11.211" endtime="20230106 14:05:15.229"/>
</kw>
<kw name="Close Browser" library="SeleniumLibrary" type="TEARDOWN">
<doc>Closes the current browser.</doc>
<status status="PASS" starttime="20230106 14:05:15.229" endtime="20230106 14:05:17.943"/>
</kw>
<status status="PASS" starttime="20230106 14:05:11.210" endtime="20230106 14:05:17.944"/>
</test>
<test id="s1-s1-s5-t2" name="Invalid password" line="13">
<kw name="Validate UnSuccesful Login">
<arg>rahulshetty</arg>
<arg>ploudfg</arg>
<kw name="open the browser with the Mortgage payment url">
<kw name="Create Webdriver" library="SeleniumLibrary">
<arg>Chrome</arg>
<arg>executable_path=/Users/rahulshetty/Documents/chromedriver</arg>
<doc>Creates an instance of Selenium WebDriver.</doc>
<msg timestamp="20230106 14:05:17.951" level="INFO">Creating an instance of the Chrome WebDriver.</msg>
<status status="PASS" starttime="20230106 14:05:17.950" endtime="20230106 14:05:19.145"/>
</kw>
<kw name="Go To" library="SeleniumLibrary">
<arg>https://rahulshettyacademy.com/loginpagePractise/</arg>
<doc>Navigates the current browser window to the provided ``url``.</doc>
<msg timestamp="20230106 14:05:19.145" level="INFO">Opening url 'https://rahulshettyacademy.com/loginpagePractise/'</msg>
<status status="PASS" starttime="20230106 14:05:19.145" endtime="20230106 14:05:19.569"/>
</kw>
<status status="PASS" starttime="20230106 14:05:17.950" endtime="20230106 14:05:19.569"/>
</kw>
<kw name="Fill the login Form">
<arg>${username}</arg>
<arg>${password}</arg>
<kw name="Input Text" library="SeleniumLibrary">
<arg>id:username</arg>
<arg>${username}</arg>
<doc>Types the given ``text`` into the text field identified by ``locator``.</doc>
<msg timestamp="20230106 14:05:19.570" level="INFO">Typing text 'rahulshetty' into text field 'id:username'.</msg>
<status status="PASS" starttime="20230106 14:05:19.569" endtime="20230106 14:05:19.653"/>
</kw>
<kw name="Input Password" library="SeleniumLibrary">
<arg>id:password</arg>
<arg>${password}</arg>
<doc>Types the given password into the text field identified by ``locator``.</doc>
<msg timestamp="20230106 14:05:19.654" level="INFO">Typing password into text field 'id:password'.</msg>
<msg timestamp="20230106 14:05:19.694" level="INFO">Temporally setting log level to: NONE</msg>
<msg timestamp="20230106 14:05:19.728" level="INFO">Log level changed from NONE to INFO.</msg>
<status status="PASS" starttime="20230106 14:05:19.653" endtime="20230106 14:05:19.728"/>
</kw>
<kw name="Click Button" library="SeleniumLibrary">
<arg>signInBtn</arg>
<doc>Clicks the button identified by ``locator``.</doc>
<msg timestamp="20230106 14:05:19.729" level="INFO">Clicking button 'signInBtn'.</msg>
<status status="PASS" starttime="20230106 14:05:19.729" endtime="20230106 14:05:19.774"/>
</kw>
<status status="PASS" starttime="20230106 14:05:19.569" endtime="20230106 14:05:19.774"/>
</kw>
<kw name="wait until it checks and display error message">
<kw name="Wait Until Element Is Visible" library="SeleniumLibrary">
<arg>${Error_Message_Login}</arg>
<doc>Waits until the element ``locator`` is visible.</doc>
<status status="PASS" starttime="20230106 14:05:19.774" endtime="20230106 14:05:21.981"/>
</kw>
<status status="PASS" starttime="20230106 14:05:19.774" endtime="20230106 14:05:21.981"/>
</kw>
<kw name="verify error message is correct">
<kw name="Get Text" library="SeleniumLibrary">
<var>${result}</var>
<arg>${Error_Message_Login}</arg>
<doc>Returns the text value of the element identified by ``locator``.</doc>
<msg timestamp="20230106 14:05:21.999" level="INFO">${result} = Incorrect username/password.</msg>
<status status="PASS" starttime="20230106 14:05:21.981" endtime="20230106 14:05:21.999"/>
</kw>
<kw name="Should Be Equal As Strings" library="BuiltIn">
<arg>${result}</arg>
<arg>Incorrect username/password.</arg>
<doc>Fails if objects are unequal after converting them to strings.</doc>
<status status="PASS" starttime="20230106 14:05:21.999" endtime="20230106 14:05:21.999"/>
</kw>
<kw name="Element Text Should Be" library="SeleniumLibrary">
<arg>${Error_Message_Login}</arg>
<arg>Incorrect username/password.</arg>
<doc>Verifies that element ``locator`` contains exact the text ``expected``.</doc>
<msg timestamp="20230106 14:05:22.000" level="INFO">Verifying element 'css:.alert-danger' contains exact text 'Incorrect username/password.'.</msg>
<status status="PASS" starttime="20230106 14:05:21.999" endtime="20230106 14:05:22.014"/>
</kw>
<status status="PASS" starttime="20230106 14:05:21.981" endtime="20230106 14:05:22.014"/>
</kw>
<status status="PASS" starttime="20230106 14:05:17.950" endtime="20230106 14:05:22.014"/>
</kw>
<kw name="Close Browser" library="SeleniumLibrary" type="TEARDOWN">
<doc>Closes the current browser.</doc>
<status status="PASS" starttime="20230106 14:05:22.015" endtime="20230106 14:05:24.652"/>
</kw>
<status status="PASS" starttime="20230106 14:05:17.947" endtime="20230106 14:05:24.653"/>
</test>
<test id="s1-s1-s5-t3" name="special characters" line="13">
<kw name="Validate UnSuccesful Login">
<arg>@#$</arg>
<arg>learning</arg>
<kw name="open the browser with the Mortgage payment url">
<kw name="Create Webdriver" library="SeleniumLibrary">
<arg>Chrome</arg>
<arg>executable_path=/Users/rahulshetty/Documents/chromedriver</arg>
<doc>Creates an instance of Selenium WebDriver.</doc>
<msg timestamp="20230106 14:05:24.659" level="INFO">Creating an instance of the Chrome WebDriver.</msg>
<status status="PASS" starttime="20230106 14:05:24.659" endtime="20230106 14:05:25.870"/>
</kw>
<kw name="Go To" library="SeleniumLibrary">
<arg>https://rahulshettyacademy.com/loginpagePractise/</arg>
<doc>Navigates the current browser window to the provided ``url``.</doc>
<msg timestamp="20230106 14:05:25.870" level="INFO">Opening url 'https://rahulshettyacademy.com/loginpagePractise/'</msg>
<status status="PASS" starttime="20230106 14:05:25.870" endtime="20230106 14:05:26.347"/>
</kw>
<status status="PASS" starttime="20230106 14:05:24.659" endtime="20230106 14:05:26.347"/>
</kw>
<kw name="Fill the login Form">
<arg>${username}</arg>
<arg>${password}</arg>
<kw name="Input Text" library="SeleniumLibrary">
<arg>id:username</arg>
<arg>${username}</arg>
<doc>Types the given ``text`` into the text field identified by ``locator``.</doc>
<msg timestamp="20230106 14:05:26.348" level="INFO">Typing text '@#$' into text field 'id:username'.</msg>
<status status="PASS" starttime="20230106 14:05:26.347" endtime="20230106 14:05:26.427"/>
</kw>
<kw name="Input Password" library="SeleniumLibrary">
<arg>id:password</arg>
<arg>${password}</arg>
<doc>Types the given password into the text field identified by ``locator``.</doc>
<msg timestamp="20230106 14:05:26.428" level="INFO">Typing password into text field 'id:password'.</msg>
<msg timestamp="20230106 14:05:26.468" level="INFO">Temporally setting log level to: NONE</msg>
<msg timestamp="20230106 14:05:26.506" level="INFO">Log level changed from NONE to INFO.</msg>
<status status="PASS" starttime="20230106 14:05:26.427" endtime="20230106 14:05:26.506"/>
</kw>
<kw name="Click Button" library="SeleniumLibrary">
<arg>signInBtn</arg>
<doc>Clicks the button identified by ``locator``.</doc>
<msg timestamp="20230106 14:05:26.507" level="INFO">Clicking button 'signInBtn'.</msg>
<status status="PASS" starttime="20230106 14:05:26.506" endtime="20230106 14:05:26.556"/>
</kw>
<status status="PASS" starttime="20230106 14:05:26.347" endtime="20230106 14:05:26.557"/>
</kw>
<kw name="wait until it checks and display error message">
<kw name="Wait Until Element Is Visible" library="SeleniumLibrary">
<arg>${Error_Message_Login}</arg>
<doc>Waits until the element ``locator`` is visible.</doc>
<status status="PASS" starttime="20230106 14:05:26.557" endtime="20230106 14:05:28.555"/>
</kw>
<status status="PASS" starttime="20230106 14:05:26.557" endtime="20230106 14:05:28.555"/>
</kw>
<kw name="verify error message is correct">
<kw name="Get Text" library="SeleniumLibrary">
<var>${result}</var>
<arg>${Error_Message_Login}</arg>
<doc>Returns the text value of the element identified by ``locator``.</doc>
<msg timestamp="20230106 14:05:28.576" level="INFO">${result} = Incorrect username/password.</msg>
<status status="PASS" starttime="20230106 14:05:28.556" endtime="20230106 14:05:28.576"/>
</kw>
<kw name="Should Be Equal As Strings" library="BuiltIn">
<arg>${result}</arg>
<arg>Incorrect username/password.</arg>
<doc>Fails if objects are unequal after converting them to strings.</doc>
<status status="PASS" starttime="20230106 14:05:28.576" endtime="20230106 14:05:28.576"/>
</kw>
<kw name="Element Text Should Be" library="SeleniumLibrary">
<arg>${Error_Message_Login}</arg>
<arg>Incorrect username/password.</arg>
<doc>Verifies that element ``locator`` contains exact the text ``expected``.</doc>
<msg timestamp="20230106 14:05:28.578" level="INFO">Verifying element 'css:.alert-danger' contains exact text 'Incorrect username/password.'.</msg>
<status status="PASS" starttime="20230106 14:05:28.576" endtime="20230106 14:05:28.590"/>
</kw>
<status status="PASS" starttime="20230106 14:05:28.555" endtime="20230106 14:05:28.590"/>
</kw>
<status status="PASS" starttime="20230106 14:05:24.659" endtime="20230106 14:05:28.590"/>
</kw>
<kw name="Close Browser" library="SeleniumLibrary" type="TEARDOWN">
<doc>Closes the current browser.</doc>
<status status="PASS" starttime="20230106 14:05:28.591" endtime="20230106 14:05:31.528"/>
</kw>
<status status="PASS" starttime="20230106 14:05:24.656" endtime="20230106 14:05:31.529"/>
</test>
<test id="s1-s1-s5-t4" name="Login with user 1234 and password  4242" line="13">
<kw name="Validate UnSuccesful Login">
<arg>1234</arg>
<arg> 4242</arg>
<kw name="open the browser with the Mortgage payment url">
<kw name="Create Webdriver" library="SeleniumLibrary">
<arg>Chrome</arg>
<arg>executable_path=/Users/rahulshetty/Documents/chromedriver</arg>
<doc>Creates an instance of Selenium WebDriver.</doc>
<msg timestamp="20230106 14:05:31.532" level="INFO">Creating an instance of the Chrome WebDriver.</msg>
<status status="PASS" starttime="20230106 14:05:31.532" endtime="20230106 14:05:32.745"/>
</kw>
<kw name="Go To" library="SeleniumLibrary">
<arg>https://rahulshettyacademy.com/loginpagePractise/</arg>
<doc>Navigates the current browser window to the provided ``url``.</doc>
<msg timestamp="20230106 14:05:32.745" level="INFO">Opening url 'https://rahulshettyacademy.com/loginpagePractise/'</msg>
<status status="PASS" starttime="20230106 14:05:32.745" endtime="20230106 14:05:33.187"/>
</kw>
<status status="PASS" starttime="20230106 14:05:31.532" endtime="20230106 14:05:33.187"/>
</kw>
<kw name="Fill the login Form">
<arg>${username}</arg>
<arg>${password}</arg>
<kw name="Input Text" library="SeleniumLibrary">
<arg>id:username</arg>
<arg>${username}</arg>
<doc>Types the given ``text`` into the text field identified by ``locator``.</doc>
<msg timestamp="20230106 14:05:33.188" level="INFO">Typing text '1234' into text field 'id:username'.</msg>
<status status="PASS" starttime="20230106 14:05:33.187" endtime="20230106 14:05:33.269"/>
</kw>
<kw name="Input Password" library="SeleniumLibrary">
<arg>id:password</arg>
<arg>${password}</arg>
<doc>Types the given password into the text field identified by ``locator``.</doc>
<msg timestamp="20230106 14:05:33.269" level="INFO">Typing password into text field 'id:password'.</msg>
<msg timestamp="20230106 14:05:33.312" level="INFO">Temporally setting log level to: NONE</msg>
<msg timestamp="20230106 14:05:33.347" level="INFO">Log level changed from NONE to INFO.</msg>
<status status="PASS" starttime="20230106 14:05:33.269" endtime="20230106 14:05:33.347"/>
</kw>
<kw name="Click Button" library="SeleniumLibrary">
<arg>signInBtn</arg>
<doc>Clicks the button identified by ``locator``.</doc>
<msg timestamp="20230106 14:05:33.347" level="INFO">Clicking button 'signInBtn'.</msg>
<status status="PASS" starttime="20230106 14:05:33.347" endtime="20230106 14:05:33.393"/>
</kw>
<status status="PASS" starttime="20230106 14:05:33.187" endtime="20230106 14:05:33.394"/>
</kw>
<kw name="wait until it checks and display error message">
<kw name="Wait Until Element Is Visible" library="SeleniumLibrary">
<arg>${Error_Message_Login}</arg>
<doc>Waits until the element ``locator`` is visible.</doc>
<status status="PASS" starttime="20230106 14:05:33.394" endtime="20230106 14:05:35.565"/>
</kw>
<status status="PASS" starttime="20230106 14:05:33.394" endtime="20230106 14:05:35.565"/>
</kw>
<kw name="verify error message is correct">
<kw name="Get Text" library="SeleniumLibrary">
<var>${result}</var>
<arg>${Error_Message_Login}</arg>
<doc>Returns the text value of the element identified by ``locator``.</doc>
<msg timestamp="20230106 14:05:35.583" level="INFO">${result} = Incorrect username/password.</msg>
<status status="PASS" starttime="20230106 14:05:35.565" endtime="20230106 14:05:35.583"/>
</kw>
<kw name="Should Be Equal As Strings" library="BuiltIn">
<arg>${result}</arg>
<arg>Incorrect username/password.</arg>
<doc>Fails if objects are unequal after converting them to strings.</doc>
<status status="PASS" starttime="20230106 14:05:35.583" endtime="20230106 14:05:35.585"/>
</kw>
<kw name="Element Text Should Be" library="SeleniumLibrary">
<arg>${Error_Message_Login}</arg>
<arg>Incorrect username/password.</arg>
<doc>Verifies that element ``locator`` contains exact the text ``expected``.</doc>
<msg timestamp="20230106 14:05:35.585" level="INFO">Verifying element 'css:.alert-danger' contains exact text 'Incorrect username/password.'.</msg>
<status status="PASS" starttime="20230106 14:05:35.585" endtime="20230106 14:05:35.598"/>
</kw>
<status status="PASS" starttime="20230106 14:05:35.565" endtime="20230106 14:05:35.598"/>
</kw>
<status status="PASS" starttime="20230106 14:05:31.532" endtime="20230106 14:05:35.598"/>
</kw>
<kw name="Close Browser" library="SeleniumLibrary" type="TEARDOWN">
<doc>Closes the current browser.</doc>
<status status="PASS" starttime="20230106 14:05:35.599" endtime="20230106 14:05:38.367"/>
</kw>
<status status="PASS" starttime="20230106 14:05:31.531" endtime="20230106 14:05:38.368"/>
</test>
<doc>To validate the Login form</doc>
<status status="PASS" starttime="20230106 14:05:11.181" endtime="20230106 14:05:38.371"/>
</suite>
<status status="PASS" starttime="20230106 14:04:14.451" endtime="20230106 14:05:38.375"/>
</suite>
<suite id="s1-s2" name="UI Test" source="C:\UI-Automation-Robot-framework\UI_Test.robot">
<test id="s1-s2-t1" name="Validate UnSuccesful Login" line="23">
<kw name="open the browser with the url" type="SETUP">
<msg timestamp="20230106 14:05:38.388" level="FAIL">No keyword with name 'open the browser with the url' found.</msg>
<status status="FAIL" starttime="20230106 14:05:38.388" endtime="20230106 14:05:38.388"/>
</kw>
<kw name="Close Browser session" type="TEARDOWN">
<msg timestamp="20230106 14:05:38.391" level="FAIL">No keyword with name 'Close Browser session' found. Did you try using keyword 'SeleniumLibrary.Close Browser' and forgot to use enough whitespace between keyword and arguments?</msg>
<status status="FAIL" starttime="20230106 14:05:38.391" endtime="20230106 14:05:38.391">No keyword with name 'Close Browser session' found. Did you try using keyword 'SeleniumLibrary.Close Browser' and forgot to use enough whitespace between keyword and arguments?</status>
</kw>
<tag>REGRESSION</tag>
<tag>SMOKE</tag>
<status status="FAIL" starttime="20230106 14:05:38.386" endtime="20230106 14:05:38.391">Setup failed:
No keyword with name 'open the browser with the url' found.

Also teardown failed:
No keyword with name 'Close Browser session' found. Did you try using keyword 'SeleniumLibrary.Close Browser' and forgot to use enough whitespace between keyword and arguments?</status>
</test>
<test id="s1-s2-t2" name="Veify the end to end ecommerce Product purchase process" line="31">
<kw name="open the browser with the url" type="SETUP">
<msg timestamp="20230106 14:05:38.395" level="FAIL">No keyword with name 'open the browser with the url' found.</msg>
<status status="FAIL" starttime="20230106 14:05:38.395" endtime="20230106 14:05:38.395"/>
</kw>
<kw name="Close Browser session" type="TEARDOWN">
<msg timestamp="20230106 14:05:38.398" level="FAIL">No keyword with name 'Close Browser session' found. Did you try using keyword 'SeleniumLibrary.Close Browser' and forgot to use enough whitespace between keyword and arguments?</msg>
<status status="FAIL" starttime="20230106 14:05:38.398" endtime="20230106 14:05:38.398">No keyword with name 'Close Browser session' found. Did you try using keyword 'SeleniumLibrary.Close Browser' and forgot to use enough whitespace between keyword and arguments?</status>
</kw>
<tag>REGRESSION</tag>
<status status="FAIL" starttime="20230106 14:05:38.392" endtime="20230106 14:05:38.398">Setup failed:
No keyword with name 'open the browser with the url' found.

Also teardown failed:
No keyword with name 'Close Browser session' found. Did you try using keyword 'SeleniumLibrary.Close Browser' and forgot to use enough whitespace between keyword and arguments?</status>
</test>
<test id="s1-s2-t3" name="Verify user is able to fillup the login form" line="43">
<kw name="open the browser with the url" type="SETUP">
<msg timestamp="20230106 14:05:38.403" level="FAIL">No keyword with name 'open the browser with the url' found.</msg>
<status status="FAIL" starttime="20230106 14:05:38.402" endtime="20230106 14:05:38.403"/>
</kw>
<kw name="Close Browser session" type="TEARDOWN">
<msg timestamp="20230106 14:05:38.405" level="FAIL">No keyword with name 'Close Browser session' found. Did you try using keyword 'SeleniumLibrary.Close Browser' and forgot to use enough whitespace between keyword and arguments?</msg>
<status status="FAIL" starttime="20230106 14:05:38.405" endtime="20230106 14:05:38.405">No keyword with name 'Close Browser session' found. Did you try using keyword 'SeleniumLibrary.Close Browser' and forgot to use enough whitespace between keyword and arguments?</status>
</kw>
<status status="FAIL" starttime="20230106 14:05:38.400" endtime="20230106 14:05:38.406">Setup failed:
No keyword with name 'open the browser with the url' found.

Also teardown failed:
No keyword with name 'Close Browser session' found. Did you try using keyword 'SeleniumLibrary.Close Browser' and forgot to use enough whitespace between keyword and arguments?</status>
</test>
<doc>To validate the Login form</doc>
<status status="FAIL" starttime="20230106 14:05:38.377" endtime="20230106 14:05:38.407"/>
</suite>
<status status="FAIL" starttime="20230106 14:04:14.428" endtime="20230106 14:05:38.409"/>
</suite>
<statistics>
<total>
<stat pass="12" fail="3" skip="0">All Tests</stat>
</total>
<tag>
<stat pass="0" fail="2" skip="0">REGRESSION</stat>
<stat pass="0" fail="1" skip="0">SMOKE</stat>
</tag>
<suite>
<stat pass="12" fail="3" skip="0" id="s1" name="UI-Automation-Robot-framework">UI-Automation-Robot-framework</stat>
<stat pass="12" fail="0" skip="0" id="s1-s1" name="TestVault">UI-Automation-Robot-framework.TestVault</stat>
<stat pass="1" fail="0" skip="0" id="s1-s1-s1" name="Test-01">UI-Automation-Robot-framework.TestVault.Test-01</stat>
<stat pass="3" fail="0" skip="0" id="s1-s1-s2" name="Test-02">UI-Automation-Robot-framework.TestVault.Test-02</stat>
<stat pass="1" fail="0" skip="0" id="s1-s1-s3" name="Test-03">UI-Automation-Robot-framework.TestVault.Test-03</stat>
<stat pass="3" fail="0" skip="0" id="s1-s1-s4" name="Test-04">UI-Automation-Robot-framework.TestVault.Test-04</stat>
<stat pass="4" fail="0" skip="0" id="s1-s1-s5" name="Test-05">UI-Automation-Robot-framework.TestVault.Test-05</stat>
<stat pass="0" fail="3" skip="0" id="s1-s2" name="UI Test">UI-Automation-Robot-framework.UI Test</stat>
</suite>
</statistics>
<errors>
<msg timestamp="20230106 14:05:38.380" level="ERROR">Error in file 'C:\UI-Automation-Robot-framework\UI_Test.robot' on line 5: Library '\customLibraries\Shop.py' does not exist.</msg>
<msg timestamp="20230106 14:05:38.381" level="ERROR">Error in file 'C:\UI-Automation-Robot-framework\UI_Test.robot' on line 10: Resource file '\PageObject\Generic.robot' does not exist.</msg>
<msg timestamp="20230106 14:05:38.382" level="ERROR">Error in file 'C:\UI-Automation-Robot-framework\UI_Test.robot' on line 11: Resource file '\PageObject\LandingPage.robot' does not exist.</msg>
<msg timestamp="20230106 14:05:38.382" level="ERROR">Error in file 'C:\UI-Automation-Robot-framework\UI_Test.robot' on line 12: Resource file '\PageObject\ShopPage.robot' does not exist.</msg>
<msg timestamp="20230106 14:05:38.384" level="ERROR">Error in file 'C:\UI-Automation-Robot-framework\UI_Test.robot' on line 13: Resource file '\PageObject\CheckoutPage.robot' does not exist.</msg>
<msg timestamp="20230106 14:05:38.385" level="ERROR">Error in file 'C:\UI-Automation-Robot-framework\UI_Test.robot' on line 14: Resource file '\PageObject\ConfirmationPage.robot' does not exist.</msg>
</errors>
</robot>
