<?xml version="1.0" encoding="UTF-8"?>
<robot generator="Robot 6.0.1 (Python 3.11.1 on win32)" generated="20221214 17:51:12.374" rpa="false" schemaversion="3">
<suite id="s1" name="UI Test" source="C:\UI-Automation-Robot-framework\tests\UI_Test.robot">
<test id="s1-t1" name="Veify the end to end ecommerce Product purchase process" line="31">
<kw name="open the browser with the url" library="Generic" type="SETUP">
<kw name="Create Webdriver" library="SeleniumLibrary">
<arg>${browser_name}</arg>
<arg>executable_path=resources/${browser_name}</arg>
<doc>Creates an instance of Selenium WebDriver.</doc>
<msg timestamp="20221214 17:51:12.657" level="INFO">Creating an instance of the Chrome WebDriver.</msg>
<status status="PASS" starttime="20221214 17:51:12.657" endtime="20221214 17:51:14.356"/>
</kw>
<kw name="Go To" library="SeleniumLibrary">
<arg>${url}</arg>
<doc>Navigates the current browser window to the provided ``url``.</doc>
<msg timestamp="20221214 17:51:14.357" level="INFO">Opening url 'https://rahulshettyacademy.com/loginpagePractise/'</msg>
<status status="PASS" starttime="20221214 17:51:14.357" endtime="20221214 17:51:15.064"/>
</kw>
<status status="PASS" starttime="20221214 17:51:12.655" endtime="20221214 17:51:15.065"/>
</kw>
<kw name="Fill the login Form" library="LandingPage">
<arg>${user_name}</arg>
<arg>${valid_password}</arg>
<kw name="Input Text" library="SeleniumLibrary">
<arg>id:username</arg>
<arg>${username}</arg>
<doc>Types the given ``text`` into the text field identified by ``locator``.</doc>
<msg timestamp="20221214 17:51:15.067" level="INFO">Typing text 'rahulshettyacademy' into text field 'id:username'.</msg>
<status status="PASS" starttime="20221214 17:51:15.066" endtime="20221214 17:51:15.320"/>
</kw>
<kw name="Input Password" library="SeleniumLibrary">
<arg>id:password</arg>
<arg>${password}</arg>
<doc>Types the given password into the text field identified by ``locator``.</doc>
<msg timestamp="20221214 17:51:15.322" level="INFO">Typing password into text field 'id:password'.</msg>
<msg timestamp="20221214 17:51:15.375" level="INFO">Temporally setting log level to: NONE</msg>
<msg timestamp="20221214 17:51:15.432" level="INFO">Log level changed from NONE to INFO.</msg>
<status status="PASS" starttime="20221214 17:51:15.320" endtime="20221214 17:51:15.432"/>
</kw>
<kw name="Click Button" library="SeleniumLibrary">
<arg>signInBtn</arg>
<doc>Clicks the button identified by ``locator``.</doc>
<msg timestamp="20221214 17:51:15.434" level="INFO">Clicking button 'signInBtn'.</msg>
<status status="PASS" starttime="20221214 17:51:15.433" endtime="20221214 17:51:15.522"/>
</kw>
<status status="PASS" starttime="20221214 17:51:15.065" endtime="20221214 17:51:15.523"/>
</kw>
<kw name="wait until Element is located in the page" library="ShopPage">
<kw name="Wait Until element passed is located on Page" library="Generic">
<arg>${Shop_page_load}</arg>
<kw name="Wait Until Element Is Visible" library="SeleniumLibrary">
<arg>${page_locator}</arg>
<arg>timeout=10</arg>
<doc>Waits until the element ``locator`` is visible.</doc>
<status status="PASS" starttime="20221214 17:51:15.525" endtime="20221214 17:51:18.749"/>
</kw>
<status status="PASS" starttime="20221214 17:51:15.524" endtime="20221214 17:51:18.750"/>
</kw>
<status status="PASS" starttime="20221214 17:51:15.523" endtime="20221214 17:51:18.750"/>
</kw>
<kw name="Verify Card titles in the Shop page" library="ShopPage">
<kw name="Create List" library="BuiltIn">
<var>@{expectedList}</var>
<arg>iphone X</arg>
<arg>Samsung Note 8</arg>
<arg>Nokia Edge</arg>
<arg>Blackberry</arg>
<doc>Returns a list containing given items.</doc>
<msg timestamp="20221214 17:51:18.752" level="INFO">@{expectedList} = [ iphone X | Samsung Note 8 | Nokia Edge | Blackberry ]</msg>
<status status="PASS" starttime="20221214 17:51:18.751" endtime="20221214 17:51:18.752"/>
</kw>
<kw name="Get WebElements" library="SeleniumLibrary">
<var>${elements}</var>
<arg>css:.card-title</arg>
<doc>Returns a list of WebElement objects matching the ``locator``.</doc>
<msg timestamp="20221214 17:51:18.771" level="INFO">${elements} = [&lt;selenium.webdriver.remote.webelement.WebElement (session="e7527bdac6671edae67634dec55959ec", element="21a1533d-b65a-41a4-8a37-b0c81d4e6997")&gt;, &lt;selenium.webdriver.remote.webelement.WebElement (sessi...</msg>
<status status="PASS" starttime="20221214 17:51:18.753" endtime="20221214 17:51:18.771"/>
</kw>
<kw name="Create List" library="BuiltIn">
<var>@{actualList}</var>
<doc>Returns a list containing given items.</doc>
<msg timestamp="20221214 17:51:18.772" level="INFO">@{actualList} = [ ]</msg>
<status status="PASS" starttime="20221214 17:51:18.771" endtime="20221214 17:51:18.772"/>
</kw>
<for flavor="IN">
<var>${element}</var>
<value>@{elements}</value>
<iter>
<var name="${element}">&lt;selenium.webdriver.remote.webelement.WebElement (session="e7527bdac6671edae67634dec55959ec", element="21a1533d-b65a-41a4-8a37-b0c81d4e6997")&gt;</var>
<kw name="Log" library="BuiltIn">
<arg>${element.text}</arg>
<doc>Logs the given message with the given level.</doc>
<msg timestamp="20221214 17:51:18.796" level="INFO">iphone X</msg>
<status status="PASS" starttime="20221214 17:51:18.773" endtime="20221214 17:51:18.797"/>
</kw>
<kw name="Append To List" library="Collections">
<arg>${actualList}</arg>
<arg>${element.text}</arg>
<doc>Adds ``values`` to the end of ``list``.</doc>
<status status="PASS" starttime="20221214 17:51:18.797" endtime="20221214 17:51:18.810"/>
</kw>
<status status="PASS" starttime="20221214 17:51:18.773" endtime="20221214 17:51:18.810"/>
</iter>
<iter>
<var name="${element}">&lt;selenium.webdriver.remote.webelement.WebElement (session="e7527bdac6671edae67634dec55959ec", element="5d63e14b-6f37-4cc3-8a29-f82d80daa957")&gt;</var>
<kw name="Log" library="BuiltIn">
<arg>${element.text}</arg>
<doc>Logs the given message with the given level.</doc>
<msg timestamp="20221214 17:51:18.829" level="INFO">Samsung Note 8</msg>
<status status="PASS" starttime="20221214 17:51:18.810" endtime="20221214 17:51:18.829"/>
</kw>
<kw name="Append To List" library="Collections">
<arg>${actualList}</arg>
<arg>${element.text}</arg>
<doc>Adds ``values`` to the end of ``list``.</doc>
<status status="PASS" starttime="20221214 17:51:18.829" endtime="20221214 17:51:18.841"/>
</kw>
<status status="PASS" starttime="20221214 17:51:18.810" endtime="20221214 17:51:18.841"/>
</iter>
<iter>
<var name="${element}">&lt;selenium.webdriver.remote.webelement.WebElement (session="e7527bdac6671edae67634dec55959ec", element="8432eb87-7d46-4307-a70b-7d9a8b5096a4")&gt;</var>
<kw name="Log" library="BuiltIn">
<arg>${element.text}</arg>
<doc>Logs the given message with the given level.</doc>
<msg timestamp="20221214 17:51:18.863" level="INFO">Nokia Edge</msg>
<status status="PASS" starttime="20221214 17:51:18.842" endtime="20221214 17:51:18.863"/>
</kw>
<kw name="Append To List" library="Collections">
<arg>${actualList}</arg>
<arg>${element.text}</arg>
<doc>Adds ``values`` to the end of ``list``.</doc>
<status status="PASS" starttime="20221214 17:51:18.863" endtime="20221214 17:51:18.875"/>
</kw>
<status status="PASS" starttime="20221214 17:51:18.842" endtime="20221214 17:51:18.875"/>
</iter>
<iter>
<var name="${element}">&lt;selenium.webdriver.remote.webelement.WebElement (session="e7527bdac6671edae67634dec55959ec", element="df8551cd-a850-47f8-9765-3bcd9b4d2849")&gt;</var>
<kw name="Log" library="BuiltIn">
<arg>${element.text}</arg>
<doc>Logs the given message with the given level.</doc>
<msg timestamp="20221214 17:51:18.900" level="INFO">Blackberry</msg>
<status status="PASS" starttime="20221214 17:51:18.876" endtime="20221214 17:51:18.900"/>
</kw>
<kw name="Append To List" library="Collections">
<arg>${actualList}</arg>
<arg>${element.text}</arg>
<doc>Adds ``values`` to the end of ``list``.</doc>
<status status="PASS" starttime="20221214 17:51:18.901" endtime="20221214 17:51:18.911"/>
</kw>
<status status="PASS" starttime="20221214 17:51:18.875" endtime="20221214 17:51:18.912"/>
</iter>
<status status="PASS" starttime="20221214 17:51:18.772" endtime="20221214 17:51:18.912"/>
</for>
<kw name="Lists Should Be Equal" library="Collections">
<arg>${expectedList}</arg>
<arg>${actualList}</arg>
<doc>Fails if given lists are unequal.</doc>
<status status="PASS" starttime="20221214 17:51:18.912" endtime="20221214 17:51:18.913"/>
</kw>
<status status="PASS" starttime="20221214 17:51:18.751" endtime="20221214 17:51:18.913"/>
</kw>
<kw name="Add Items To Cart And Checkout" library="Shop">
<arg>${listofProducts}</arg>
<msg timestamp="20221214 17:51:18.936" level="INFO">Clicking button 'xpath:(//*[@class='card-footer'])[1]/button'.</msg>
<msg timestamp="20221214 17:51:19.078" level="INFO">Clicking button 'xpath:(//*[@class='card-footer'])[3]/button'.</msg>
<msg timestamp="20221214 17:51:19.193" level="INFO">Clicking link 'css:li.active a'.</msg>
<status status="PASS" starttime="20221214 17:51:18.914" endtime="20221214 17:51:19.287"/>
</kw>
<kw name="Verify items in the Checkout Page and proceed" library="CheckoutPage">
<kw name="Click Element" library="SeleniumLibrary">
<arg>css:.btn-success</arg>
<doc>Click the element identified by ``locator``.</doc>
<msg timestamp="20221214 17:51:19.289" level="INFO">Clicking element 'css:.btn-success'.</msg>
<status status="PASS" starttime="20221214 17:51:19.289" endtime="20221214 17:51:19.373"/>
</kw>
<status status="PASS" starttime="20221214 17:51:19.288" endtime="20221214 17:51:19.373"/>
</kw>
<kw name="Enter the Country and select the terms" library="ConfirmationPage">
<arg>${country_name}</arg>
<kw name="Input Text" library="SeleniumLibrary">
<arg>country</arg>
<arg>${country_name}</arg>
<doc>Types the given ``text`` into the text field identified by ``locator``.</doc>
<msg timestamp="20221214 17:51:19.375" level="INFO">Typing text 'Bangladesh' into text field 'country'.</msg>
<status status="PASS" starttime="20221214 17:51:19.374" endtime="20221214 17:51:19.510"/>
</kw>
<kw name="Wait Until element passed is located on Page" library="Generic">
<arg>//a[text()='${country_name}']</arg>
<kw name="Wait Until Element Is Visible" library="SeleniumLibrary">
<arg>${page_locator}</arg>
<arg>timeout=10</arg>
<doc>Waits until the element ``locator`` is visible.</doc>
<status status="PASS" starttime="20221214 17:51:19.512" endtime="20221214 17:51:24.586"/>
</kw>
<status status="PASS" starttime="20221214 17:51:19.511" endtime="20221214 17:51:24.586"/>
</kw>
<kw name="Click Element" library="SeleniumLibrary">
<arg>//a[text()='${country_name}']</arg>
<doc>Click the element identified by ``locator``.</doc>
<msg timestamp="20221214 17:51:24.587" level="INFO">Clicking element '//a[text()='Bangladesh']'.</msg>
<status status="PASS" starttime="20221214 17:51:24.586" endtime="20221214 17:51:24.627"/>
</kw>
<kw name="Sleep" library="BuiltIn">
<arg>2</arg>
<doc>Pauses the test executed for the given time.</doc>
<msg timestamp="20221214 17:51:26.628" level="INFO">Slept 2 seconds</msg>
<status status="PASS" starttime="20221214 17:51:24.627" endtime="20221214 17:51:26.628"/>
</kw>
<kw name="Click Element" library="SeleniumLibrary">
<arg>css:.checkbox label</arg>
<doc>Click the element identified by ``locator``.</doc>
<msg timestamp="20221214 17:51:26.628" level="INFO">Clicking element 'css:.checkbox label'.</msg>
<status status="PASS" starttime="20221214 17:51:26.628" endtime="20221214 17:51:26.678"/>
</kw>
<status status="PASS" starttime="20221214 17:51:19.373" endtime="20221214 17:51:26.679"/>
</kw>
<kw name="Purchase the Product and Confirm the Purchase" library="ConfirmationPage">
<kw name="Click Button" library="SeleniumLibrary">
<arg>css:.btn-success</arg>
<doc>Clicks the button identified by ``locator``.</doc>
<msg timestamp="20221214 17:51:26.681" level="INFO">Clicking button 'css:.btn-success'.</msg>
<status status="PASS" starttime="20221214 17:51:26.680" endtime="20221214 17:51:26.746"/>
</kw>
<kw name="Page Should Contain" library="SeleniumLibrary">
<arg>Success!</arg>
<doc>Verifies that current page contains ``text``.</doc>
<msg timestamp="20221214 17:51:26.767" level="INFO">Current page contains text 'Success!'.</msg>
<status status="PASS" starttime="20221214 17:51:26.747" endtime="20221214 17:51:26.768"/>
</kw>
<status status="PASS" starttime="20221214 17:51:26.679" endtime="20221214 17:51:26.768"/>
</kw>
<kw name="Close Browser session" library="Generic" type="TEARDOWN">
<kw name="Close Browser" library="SeleniumLibrary">
<doc>Closes the current browser.</doc>
<status status="PASS" starttime="20221214 17:51:26.769" endtime="20221214 17:51:28.929"/>
</kw>
<status status="PASS" starttime="20221214 17:51:26.768" endtime="20221214 17:51:28.929"/>
</kw>
<tag>REGRESSION</tag>
<status status="PASS" starttime="20221214 17:51:12.655" endtime="20221214 17:51:28.929"/>
</test>
<doc>To validate the Login form</doc>
<status status="PASS" starttime="20221214 17:51:12.385" endtime="20221214 17:51:28.929"/>
</suite>
<statistics>
<total>
<stat pass="1" fail="0" skip="0">All Tests</stat>
</total>
<tag>
<stat pass="1" fail="0" skip="0">REGRESSION</stat>
</tag>
<suite>
<stat pass="1" fail="0" skip="0" id="s1" name="UI Test">UI Test</stat>
</suite>
</statistics>
<errors>
</errors>
</robot>
