<?xml version="1.0" encoding="UTF-8"?>
<robot generator="Robot 6.0.1 (Python 3.10.4 on win32)" generated="20221213 01:53:21.014" rpa="false" schemaversion="3">
<suite id="s1" name="Testdemo1" source="G:\Automation_Bro\ROBOT\UI-Automation-Robot-framework\tests\testdemo1.robot">
<test id="s1-t1" name="Validate Unsucessful Login" line="6">
<kw name="open the browser with the Mortage payment url">
<kw name="Create Webdriver" library="SeleniumLibrary">
<arg>Chrome</arg>
<arg>executable_path=G:\Automation_Bro\ROBOT\UI-Automation-Robot-framework\Drivers\chromedriver</arg>
<doc>Creates an instance of Selenium WebDriver.</doc>
<msg timestamp="20221213 01:53:21.237" level="INFO">Creating an instance of the Chrome WebDriver.</msg>
<status status="PASS" starttime="20221213 01:53:21.237" endtime="20221213 01:53:22.394"/>
</kw>
<kw name="Go To" library="SeleniumLibrary">
<arg>https://rahulshettyacademy.com/loginpagePractise/</arg>
<doc>Navigates the current browser window to the provided ``url``.</doc>
<msg timestamp="20221213 01:53:22.394" level="INFO">Opening url 'https://rahulshettyacademy.com/loginpagePractise/'</msg>
<status status="PASS" starttime="20221213 01:53:22.394" endtime="20221213 01:53:22.668"/>
</kw>
<status status="PASS" starttime="20221213 01:53:21.237" endtime="20221213 01:53:22.668"/>
</kw>
<kw name="Fill the login Form">
<kw name="Input Text" library="SeleniumLibrary">
<arg>id:username</arg>
<arg>rahulshettyacademy</arg>
<doc>Types the given ``text`` into the text field identified by ``locator``.</doc>
<msg timestamp="20221213 01:53:22.669" level="INFO">Typing text 'rahulshettyacademy' into text field 'id:username'.</msg>
<status status="PASS" starttime="20221213 01:53:22.668" endtime="20221213 01:53:22.742"/>
</kw>
<kw name="Input Password" library="SeleniumLibrary">
<arg>id:password</arg>
<arg>125643</arg>
<doc>Types the given password into the text field identified by ``locator``.</doc>
<msg timestamp="20221213 01:53:22.743" level="INFO">Typing password into text field 'id:password'.</msg>
<msg timestamp="20221213 01:53:22.773" level="INFO">Temporally setting log level to: NONE</msg>
<msg timestamp="20221213 01:53:22.804" level="INFO">Log level changed from NONE to INFO.</msg>
<status status="PASS" starttime="20221213 01:53:22.743" endtime="20221213 01:53:22.804"/>
</kw>
<kw name="Click Button" library="SeleniumLibrary">
<arg>signInBtn</arg>
<doc>Clicks the button identified by ``locator``.</doc>
<msg timestamp="20221213 01:53:22.805" level="INFO">Clicking button 'signInBtn'.</msg>
<status status="PASS" starttime="20221213 01:53:22.804" endtime="20221213 01:53:22.854"/>
</kw>
<kw name="Set Selenium Implicit Wait" library="SeleniumLibrary">
<arg>200</arg>
<doc>Sets the implicit wait value used by Selenium.</doc>
<status status="PASS" starttime="20221213 01:53:22.854" endtime="20221213 01:53:22.856"/>
</kw>
<status status="PASS" starttime="20221213 01:53:22.668" endtime="20221213 01:53:22.856"/>
</kw>
<status status="PASS" starttime="20221213 01:53:21.236" endtime="20221213 01:53:22.856"/>
</test>
<doc>To validate the login form</doc>
<status status="PASS" starttime="20221213 01:53:21.016" endtime="20221213 01:53:22.857"/>
</suite>
<statistics>
<total>
<stat pass="1" fail="0" skip="0">All Tests</stat>
</total>
<tag>
</tag>
<suite>
<stat pass="1" fail="0" skip="0" id="s1" name="Testdemo1">Testdemo1</stat>
</suite>
</statistics>
<errors>
</errors>
</robot>
