<?xml version="1.0" encoding="UTF-8"?>
<robot generator="Robot 6.0.1 (Python 3.11.1 on win32)" generated="20221213 17:18:06.583" rpa="false" schemaversion="3">
<suite id="s1" name="Testdemo2" source="C:\UI-Automation-Robot-framework\tests\testdemo2.robot">
<test id="s1-t1" name="Validate Unsucessful Login" line="11">
<kw name="open the browser with the Mortage payment url" library="resource" type="SETUP">
<kw name="Create Webdriver" library="SeleniumLibrary">
<arg>Chrome</arg>
<arg>executable_path=G:\Automation_Bro\ROBOT\UI-Automation-Robot-framework\Drivers\chromedriver</arg>
<doc>Creates an instance of Selenium WebDriver.</doc>
<msg timestamp="20221213 17:18:06.773" level="INFO">Creating an instance of the Chrome WebDriver.</msg>
<status status="PASS" starttime="20221213 17:18:06.773" endtime="20221213 17:18:07.980"/>
</kw>
<kw name="Go To" library="SeleniumLibrary">
<arg>${url}</arg>
<doc>Navigates the current browser window to the provided ``url``.</doc>
<msg timestamp="20221213 17:18:07.980" level="INFO">Opening url 'https://rahulshettyacademy.com/loginpagePractise/'</msg>
<status status="PASS" starttime="20221213 17:18:07.980" endtime="20221213 17:18:08.627"/>
</kw>
<status status="PASS" starttime="20221213 17:18:06.773" endtime="20221213 17:18:08.627"/>
</kw>
<kw name="Fill the login Form">
<kw name="Input Text" library="SeleniumLibrary">
<arg>id:username</arg>
<arg>${username}</arg>
<doc>Types the given ``text`` into the text field identified by ``locator``.</doc>
<msg timestamp="20221213 17:18:08.629" level="INFO">Typing text 'rahulshettyacademy' into text field 'id:username'.</msg>
<status status="PASS" starttime="20221213 17:18:08.628" endtime="20221213 17:18:08.775"/>
</kw>
<kw name="Input Password" library="SeleniumLibrary">
<arg>id:password</arg>
<arg>${invalidPassword}</arg>
<doc>Types the given password into the text field identified by ``locator``.</doc>
<msg timestamp="20221213 17:18:08.775" level="INFO">Typing password into text field 'id:password'.</msg>
<msg timestamp="20221213 17:18:08.821" level="INFO">Temporally setting log level to: NONE</msg>
<msg timestamp="20221213 17:18:08.860" level="INFO">Log level changed from NONE to INFO.</msg>
<status status="PASS" starttime="20221213 17:18:08.775" endtime="20221213 17:18:08.860"/>
</kw>
<kw name="Click Button" library="SeleniumLibrary">
<arg>signInBtn</arg>
<doc>Clicks the button identified by ``locator``.</doc>
<msg timestamp="20221213 17:18:08.860" level="INFO">Clicking button 'signInBtn'.</msg>
<status status="PASS" starttime="20221213 17:18:08.860" endtime="20221213 17:18:08.918"/>
</kw>
<kw name="Set Selenium Implicit Wait" library="SeleniumLibrary">
<arg>200</arg>
<doc>Sets the implicit wait value used by Selenium.</doc>
<status status="PASS" starttime="20221213 17:18:08.919" endtime="20221213 17:18:08.920"/>
</kw>
<status status="PASS" starttime="20221213 17:18:08.628" endtime="20221213 17:18:08.920"/>
</kw>
<kw name="wait until it checks and display error message">
<kw name="Wait Until Element Is Visible" library="SeleniumLibrary">
<arg>${error_message_login}</arg>
<doc>Waits until the element ``locator`` is visible.</doc>
<status status="PASS" starttime="20221213 17:18:08.921" endtime="20221213 17:18:11.037"/>
</kw>
<status status="PASS" starttime="20221213 17:18:08.920" endtime="20221213 17:18:11.037"/>
</kw>
<kw name="verify error message is correct">
<kw name="Element Text Should Be" library="SeleniumLibrary">
<arg>${error_message_login}</arg>
<arg>Incorrect username/password.</arg>
<doc>Verifies that element ``locator`` contains exact the text ``expected``.</doc>
<msg timestamp="20221213 17:18:11.038" level="INFO">Verifying element 'css:.alert-danger' contains exact text 'Incorrect username/password.'.</msg>
<status status="PASS" starttime="20221213 17:18:11.038" endtime="20221213 17:18:11.061"/>
</kw>
<status status="PASS" starttime="20221213 17:18:11.038" endtime="20221213 17:18:11.062"/>
</kw>
<kw name="Close Browser Session" library="resource" type="TEARDOWN">
<kw name="Close Browser" library="SeleniumLibrary">
<doc>Closes the current browser.</doc>
<status status="PASS" starttime="20221213 17:18:11.067" endtime="20221213 17:18:13.199"/>
</kw>
<status status="PASS" starttime="20221213 17:18:11.067" endtime="20221213 17:18:13.199"/>
</kw>
<status status="PASS" starttime="20221213 17:18:06.772" endtime="20221213 17:18:13.200"/>
</test>
<doc>To validate the login form</doc>
<status status="PASS" starttime="20221213 17:18:06.585" endtime="20221213 17:18:13.203"/>
</suite>
<statistics>
<total>
<stat pass="1" fail="0" skip="0">All Tests</stat>
</total>
<tag>
</tag>
<suite>
<stat pass="1" fail="0" skip="0" id="s1" name="Testdemo2">Testdemo2</stat>
</suite>
</statistics>
<errors>
</errors>
</robot>
