<?xml version="1.0" encoding="UTF-8"?>
<robot generator="Robot 6.0.1 (Python 3.11.1 on win32)" generated="20221214 17:51:12.375" rpa="false" schemaversion="3">
<suite id="s1" name="UI Test" source="C:\UI-Automation-Robot-framework\tests\UI_Test.robot">
<test id="s1-t1" name="Validate UnSuccesful Login" line="23">
<kw name="open the browser with the url" library="Generic" type="SETUP">
<kw name="Create Webdriver" library="SeleniumLibrary">
<arg>${browser_name}</arg>
<arg>executable_path=resources/${browser_name}</arg>
<doc>Creates an instance of Selenium WebDriver.</doc>
<msg timestamp="20221214 17:51:12.642" level="INFO">Creating an instance of the Chrome WebDriver.</msg>
<status status="PASS" starttime="20221214 17:51:12.642" endtime="20221214 17:51:14.359"/>
</kw>
<kw name="Go To" library="SeleniumLibrary">
<arg>${url}</arg>
<doc>Navigates the current browser window to the provided ``url``.</doc>
<msg timestamp="20221214 17:51:14.360" level="INFO">Opening url 'https://rahulshettyacademy.com/loginpagePractise/'</msg>
<status status="PASS" starttime="20221214 17:51:14.359" endtime="20221214 17:51:15.008"/>
</kw>
<status status="PASS" starttime="20221214 17:51:12.641" endtime="20221214 17:51:15.009"/>
</kw>
<kw name="Fill the login Form" library="LandingPage">
<arg>${user_name}</arg>
<arg>${invalid_password}</arg>
<kw name="Input Text" library="SeleniumLibrary">
<arg>id:username</arg>
<arg>${username}</arg>
<doc>Types the given ``text`` into the text field identified by ``locator``.</doc>
<msg timestamp="20221214 17:51:15.011" level="INFO">Typing text 'rahulshettyacademy' into text field 'id:username'.</msg>
<status status="PASS" starttime="20221214 17:51:15.010" endtime="20221214 17:51:15.281"/>
</kw>
<kw name="Input Password" library="SeleniumLibrary">
<arg>id:password</arg>
<arg>${password}</arg>
<doc>Types the given password into the text field identified by ``locator``.</doc>
<msg timestamp="20221214 17:51:15.285" level="INFO">Typing password into text field 'id:password'.</msg>
<msg timestamp="20221214 17:51:15.343" level="INFO">Temporally setting log level to: NONE</msg>
<msg timestamp="20221214 17:51:15.393" level="INFO">Log level changed from NONE to INFO.</msg>
<status status="PASS" starttime="20221214 17:51:15.282" endtime="20221214 17:51:15.393"/>
</kw>
<kw name="Click Button" library="SeleniumLibrary">
<arg>signInBtn</arg>
<doc>Clicks the button identified by ``locator``.</doc>
<msg timestamp="20221214 17:51:15.395" level="INFO">Clicking button 'signInBtn'.</msg>
<status status="PASS" starttime="20221214 17:51:15.393" endtime="20221214 17:51:15.473"/>
</kw>
<status status="PASS" starttime="20221214 17:51:15.009" endtime="20221214 17:51:15.474"/>
</kw>
<kw name="wait until Element is located in the page" library="LandingPage">
<kw name="Wait Until element passed is located on Page" library="Generic">
<arg>${Error_Message_Login}</arg>
<kw name="Wait Until Element Is Visible" library="SeleniumLibrary">
<arg>${page_locator}</arg>
<arg>timeout=10</arg>
<doc>Waits until the element ``locator`` is visible.</doc>
<status status="PASS" starttime="20221214 17:51:15.475" endtime="20221214 17:51:17.569"/>
</kw>
<status status="PASS" starttime="20221214 17:51:15.474" endtime="20221214 17:51:17.569"/>
</kw>
<status status="PASS" starttime="20221214 17:51:15.474" endtime="20221214 17:51:17.569"/>
</kw>
<kw name="verify error message is correct" library="LandingPage">
<kw name="Get Text" library="SeleniumLibrary">
<var>${result}</var>
<arg>${Error_Message_Login}</arg>
<doc>Returns the text value of the element identified by ``locator``.</doc>
<msg timestamp="20221214 17:51:17.604" level="INFO">${result} = Incorrect username/password.</msg>
<status status="PASS" starttime="20221214 17:51:17.570" endtime="20221214 17:51:17.605"/>
</kw>
<kw name="Should Be Equal As Strings" library="BuiltIn">
<arg>${result}</arg>
<arg>Incorrect username/password.</arg>
<doc>Fails if objects are unequal after converting them to strings.</doc>
<status status="PASS" starttime="20221214 17:51:17.605" endtime="20221214 17:51:17.606"/>
</kw>
<kw name="Element Text Should Be" library="SeleniumLibrary">
<arg>${Error_Message_Login}</arg>
<arg>Incorrect username/password.</arg>
<doc>Verifies that element ``locator`` contains exact the text ``expected``.</doc>
<msg timestamp="20221214 17:51:17.607" level="INFO">Verifying element 'css:.alert-danger' contains exact text 'Incorrect username/password.'.</msg>
<status status="PASS" starttime="20221214 17:51:17.606" endtime="20221214 17:51:17.629"/>
</kw>
<status status="PASS" starttime="20221214 17:51:17.570" endtime="20221214 17:51:17.629"/>
</kw>
<kw name="Close Browser session" library="Generic" type="TEARDOWN">
<kw name="Close Browser" library="SeleniumLibrary">
<doc>Closes the current browser.</doc>
<status status="PASS" starttime="20221214 17:51:17.630" endtime="20221214 17:51:19.807"/>
</kw>
<status status="PASS" starttime="20221214 17:51:17.629" endtime="20221214 17:51:19.807"/>
</kw>
<tag>REGRESSION</tag>
<tag>SMOKE</tag>
<status status="PASS" starttime="20221214 17:51:12.641" endtime="20221214 17:51:19.807"/>
</test>
<doc>To validate the Login form</doc>
<status status="PASS" starttime="20221214 17:51:12.385" endtime="20221214 17:51:19.808"/>
</suite>
<statistics>
<total>
<stat pass="1" fail="0" skip="0">All Tests</stat>
</total>
<tag>
<stat pass="1" fail="0" skip="0">REGRESSION</stat>
<stat pass="1" fail="0" skip="0">SMOKE</stat>
</tag>
<suite>
<stat pass="1" fail="0" skip="0" id="s1" name="UI Test">UI Test</stat>
</suite>
</statistics>
<errors>
</errors>
</robot>
