<?xml version="1.0" encoding="UTF-8"?>
<robot generator="Robot 6.0.1 (Python 3.11.1 on win32)" generated="20221214 17:51:12.367" rpa="false" schemaversion="3">
<suite id="s1" name="UI Test" source="C:\UI-Automation-Robot-framework\tests\UI_Test.robot">
<test id="s1-t1" name="Verify user is able to fillup the login form" line="43">
<kw name="open the browser with the url" library="Generic" type="SETUP">
<kw name="Create Webdriver" library="SeleniumLibrary">
<arg>${browser_name}</arg>
<arg>executable_path=resources/${browser_name}</arg>
<doc>Creates an instance of Selenium WebDriver.</doc>
<msg timestamp="20221214 17:51:12.660" level="INFO">Creating an instance of the Chrome WebDriver.</msg>
<status status="PASS" starttime="20221214 17:51:12.660" endtime="20221214 17:51:14.330"/>
</kw>
<kw name="Go To" library="SeleniumLibrary">
<arg>${url}</arg>
<doc>Navigates the current browser window to the provided ``url``.</doc>
<msg timestamp="20221214 17:51:14.331" level="INFO">Opening url 'https://rahulshettyacademy.com/loginpagePractise/'</msg>
<status status="PASS" starttime="20221214 17:51:14.331" endtime="20221214 17:51:15.114"/>
</kw>
<status status="PASS" starttime="20221214 17:51:12.659" endtime="20221214 17:51:15.114"/>
</kw>
<kw name="Fill the Login Details Form" library="LandingPage">
<kw name="Input Text" library="SeleniumLibrary">
<arg>id:username</arg>
<arg>rahulshettyacademy</arg>
<doc>Types the given ``text`` into the text field identified by ``locator``.</doc>
<msg timestamp="20221214 17:51:15.116" level="INFO">Typing text 'rahulshettyacademy' into text field 'id:username'.</msg>
<status status="PASS" starttime="20221214 17:51:15.115" endtime="20221214 17:51:15.322"/>
</kw>
<kw name="Input Password" library="SeleniumLibrary">
<arg>id:password</arg>
<arg>learning</arg>
<doc>Types the given password into the text field identified by ``locator``.</doc>
<msg timestamp="20221214 17:51:15.323" level="INFO">Typing password into text field 'id:password'.</msg>
<msg timestamp="20221214 17:51:15.374" level="INFO">Temporally setting log level to: NONE</msg>
<msg timestamp="20221214 17:51:15.432" level="INFO">Log level changed from NONE to INFO.</msg>
<status status="PASS" starttime="20221214 17:51:15.322" endtime="20221214 17:51:15.433"/>
</kw>
<kw name="Click Element" library="SeleniumLibrary">
<arg>css:input[value='user']</arg>
<doc>Click the element identified by ``locator``.</doc>
<msg timestamp="20221214 17:51:15.435" level="INFO">Clicking element 'css:input[value='user']'.</msg>
<status status="PASS" starttime="20221214 17:51:15.433" endtime="20221214 17:51:15.511"/>
</kw>
<kw name="Wait Until Element Is Visible" library="SeleniumLibrary">
<arg>css:.modal-body</arg>
<doc>Waits until the element ``locator`` is visible.</doc>
<status status="PASS" starttime="20221214 17:51:15.511" endtime="20221214 17:51:15.762"/>
</kw>
<kw name="Click Button" library="SeleniumLibrary">
<arg>id:okayBtn</arg>
<doc>Clicks the button identified by ``locator``.</doc>
<msg timestamp="20221214 17:51:15.763" level="INFO">Clicking button 'id:okayBtn'.</msg>
<status status="PASS" starttime="20221214 17:51:15.762" endtime="20221214 17:51:15.820"/>
</kw>
<kw name="Click Button" library="SeleniumLibrary">
<arg>id:okayBtn</arg>
<doc>Clicks the button identified by ``locator``.</doc>
<msg timestamp="20221214 17:51:15.821" level="INFO">Clicking button 'id:okayBtn'.</msg>
<status status="PASS" starttime="20221214 17:51:15.820" endtime="20221214 17:51:15.895"/>
</kw>
<kw name="Wait Until Element Is Not Visible" library="SeleniumLibrary">
<arg>css:.modal-body</arg>
<doc>Waits until the element ``locator`` is not visible.</doc>
<status status="PASS" starttime="20221214 17:51:15.895" endtime="20221214 17:51:16.144"/>
</kw>
<kw name="Select From List By Value" library="SeleniumLibrary">
<arg>css:select.form-control</arg>
<arg>teach</arg>
<doc>Selects options from selection list ``locator`` by ``values``.</doc>
<msg timestamp="20221214 17:51:16.145" level="INFO">Selecting options from selection list 'css:select.form-control' by value teach.</msg>
<status status="PASS" starttime="20221214 17:51:16.144" endtime="20221214 17:51:16.280"/>
</kw>
<kw name="Select Checkbox" library="SeleniumLibrary">
<arg>terms</arg>
<doc>Selects the checkbox identified by ``locator``.</doc>
<msg timestamp="20221214 17:51:16.283" level="INFO">Selecting checkbox 'terms'.</msg>
<status status="PASS" starttime="20221214 17:51:16.281" endtime="20221214 17:51:16.391"/>
</kw>
<kw name="Checkbox Should Be Selected" library="SeleniumLibrary">
<arg>terms</arg>
<doc>Verifies checkbox ``locator`` is selected/checked.</doc>
<msg timestamp="20221214 17:51:16.392" level="INFO">Verifying checkbox 'terms' is selected.</msg>
<status status="PASS" starttime="20221214 17:51:16.391" endtime="20221214 17:51:16.424"/>
</kw>
<status status="PASS" starttime="20221214 17:51:15.115" endtime="20221214 17:51:16.424"/>
</kw>
<kw name="Close Browser session" library="Generic" type="TEARDOWN">
<kw name="Close Browser" library="SeleniumLibrary">
<doc>Closes the current browser.</doc>
<status status="PASS" starttime="20221214 17:51:16.425" endtime="20221214 17:51:18.588"/>
</kw>
<status status="PASS" starttime="20221214 17:51:16.425" endtime="20221214 17:51:18.589"/>
</kw>
<status status="PASS" starttime="20221214 17:51:12.659" endtime="20221214 17:51:18.589"/>
</test>
<doc>To validate the Login form</doc>
<status status="PASS" starttime="20221214 17:51:12.377" endtime="20221214 17:51:18.589"/>
</suite>
<statistics>
<total>
<stat pass="1" fail="0" skip="0">All Tests</stat>
</total>
<tag>
</tag>
<suite>
<stat pass="1" fail="0" skip="0" id="s1" name="UI Test">UI Test</stat>
</suite>
</statistics>
<errors>
</errors>
</robot>
